<?xml version="1.0" encoding="UTF-8"?>
<coverage generated="1766547070128" clover="3.2.0">
  <project timestamp="1766547070128" name="All files">
    <metrics statements="610" coveredstatements="470" conditionals="321" coveredconditionals="212" methods="153" coveredmethods="131" elements="1084" coveredelements="813" complexity="0" loc="610" ncloc="610" packages="5" files="23" classes="23"/>
    <package name="src">
      <metrics statements="1" coveredstatements="1" conditionals="0" coveredconditionals="0" methods="0" coveredmethods="0"/>
      <file name="API_Keys.js" path="C:\Users\steph\OneDrive\Documents\GitHub\Mod Tracker\WebApp\src\API_Keys.js">
        <metrics statements="1" coveredstatements="1" conditionals="0" coveredconditionals="0" methods="0" coveredmethods="0"/>
        <line num="1" count="4" type="stmt"/>
      </file>
    </package>
    <package name="src.data">
      <metrics statements="382" coveredstatements="301" conditionals="194" coveredconditionals="140" methods="89" coveredmethods="80"/>
      <file name="callCurseForge.js" path="C:\Users\steph\OneDrive\Documents\GitHub\Mod Tracker\WebApp\src\data\callCurseForge.js">
        <metrics statements="81" coveredstatements="64" conditionals="39" coveredconditionals="25" methods="12" coveredmethods="11"/>
        <line num="1" count="7" type="stmt"/>
        <line num="2" count="7" type="stmt"/>
        <line num="3" count="7" type="stmt"/>
        <line num="7" count="189" type="cond" truecount="2" falsecount="0"/>
        <line num="8" count="2" type="stmt"/>
        <line num="10" count="187" type="stmt"/>
        <line num="14" count="7" type="cond" truecount="1" falsecount="0"/>
        <line num="19" count="91" type="stmt"/>
        <line num="20" count="91" type="cond" truecount="2" falsecount="2"/>
        <line num="21" count="91" type="stmt"/>
        <line num="22" count="91" type="stmt"/>
        <line num="23" count="91" type="stmt"/>
        <line num="25" count="91" type="cond" truecount="3" falsecount="1"/>
        <line num="26" count="0" type="stmt"/>
        <line num="29" count="0" type="stmt"/>
        <line num="37" count="91" type="stmt"/>
        <line num="38" count="91" type="stmt"/>
        <line num="39" count="91" type="stmt"/>
        <line num="40" count="0" type="stmt"/>
        <line num="43" count="91" type="stmt"/>
        <line num="49" count="0" type="cond" truecount="0" falsecount="2"/>
        <line num="50" count="0" type="stmt"/>
        <line num="54" count="0" type="stmt"/>
        <line num="58" count="90" type="stmt"/>
        <line num="59" count="90" type="stmt"/>
        <line num="61" count="90" type="cond" truecount="1" falsecount="1"/>
        <line num="62" count="0" type="stmt"/>
        <line num="67" count="90" type="stmt"/>
        <line num="68" count="90" type="stmt"/>
        <line num="71" count="7" type="stmt"/>
        <line num="72" count="1" type="stmt"/>
        <line num="73" count="1" type="stmt"/>
        <line num="76" count="7" type="stmt"/>
        <line num="77" count="40" type="stmt"/>
        <line num="78" count="40" type="stmt"/>
        <line num="80" count="39" type="stmt"/>
        <line num="82" count="39" type="stmt"/>
        <line num="83" count="71" type="cond" truecount="2" falsecount="0"/>
        <line num="84" count="39" type="stmt"/>
        <line num="87" count="0" type="stmt"/>
        <line num="90" count="0" type="cond" truecount="0" falsecount="2"/>
        <line num="91" count="0" type="stmt"/>
        <line num="93" count="0" type="stmt"/>
        <line num="99" count="41" type="stmt"/>
        <line num="101" count="41" type="stmt"/>
        <line num="102" count="3014" type="stmt"/>
        <line num="103" count="8686" type="stmt"/>
        <line num="106" count="41" type="stmt"/>
        <line num="107" count="14559" type="stmt"/>
        <line num="108" count="36816" type="cond" truecount="2" falsecount="0"/>
        <line num="109" count="11343" type="stmt"/>
        <line num="113" count="3216" type="stmt"/>
        <line num="116" count="41" type="stmt"/>
        <line num="119" count="3014" type="cond" truecount="2" falsecount="0"/>
        <line num="120" count="2658" type="stmt"/>
        <line num="123" count="356" type="stmt"/>
        <line num="126" count="3014" type="stmt"/>
        <line num="129" count="41" type="stmt"/>
        <line num="130" count="41" type="stmt"/>
        <line num="134" count="107" type="cond" truecount="3" falsecount="5"/>
        <line num="136" count="0" type="stmt"/>
        <line num="138" count="25" type="stmt"/>
        <line num="140" count="0" type="stmt"/>
        <line num="142" count="0" type="stmt"/>
        <line num="144" count="51" type="stmt"/>
        <line num="146" count="0" type="stmt"/>
        <line num="148" count="31" type="stmt"/>
        <line num="150" count="0" type="stmt"/>
        <line num="154" count="7" type="stmt"/>
        <line num="155" count="66" type="stmt"/>
        <line num="158" count="66" type="stmt"/>
        <line num="161" count="722" type="cond" truecount="6" falsecount="0"/>
        <line num="162" count="50" type="stmt"/>
        <line num="163" count="50" type="stmt"/>
        <line num="164" count="50" type="stmt"/>
        <line num="166" count="50" type="cond" truecount="1" falsecount="1"/>
        <line num="167" count="50" type="stmt"/>
        <line num="169" count="0" type="stmt"/>
        <line num="174" count="16" type="stmt"/>
        <line num="175" count="16" type="stmt"/>
        <line num="176" count="16" type="stmt"/>
      </file>
      <file name="callModrinth.js" path="C:\Users\steph\OneDrive\Documents\GitHub\Mod Tracker\WebApp\src\data\callModrinth.js">
        <metrics statements="40" coveredstatements="35" conditionals="11" coveredconditionals="8" methods="7" coveredmethods="6"/>
        <line num="1" count="7" type="stmt"/>
        <line num="2" count="7" type="stmt"/>
        <line num="5" count="7" type="stmt"/>
        <line num="6" count="436" type="cond" truecount="2" falsecount="0"/>
        <line num="7" count="2" type="stmt"/>
        <line num="9" count="434" type="stmt"/>
        <line num="13" count="7" type="cond" truecount="1" falsecount="0"/>
        <line num="15" count="123" type="stmt"/>
        <line num="16" count="123" type="stmt"/>
        <line num="17" count="123" type="stmt"/>
        <line num="18" count="0" type="stmt"/>
        <line num="21" count="123" type="stmt"/>
        <line num="26" count="0" type="cond" truecount="0" falsecount="2"/>
        <line num="27" count="0" type="stmt"/>
        <line num="31" count="0" type="stmt"/>
        <line num="35" count="118" type="stmt"/>
        <line num="36" count="118" type="stmt"/>
        <line num="38" count="115" type="cond" truecount="1" falsecount="1"/>
        <line num="39" count="0" type="stmt"/>
        <line num="44" count="115" type="stmt"/>
        <line num="45" count="115" type="stmt"/>
        <line num="48" count="7" type="stmt"/>
        <line num="49" count="1" type="stmt"/>
        <line num="50" count="1" type="stmt"/>
        <line num="53" count="7" type="stmt"/>
        <line num="54" count="61" type="stmt"/>
        <line num="55" count="61" type="stmt"/>
        <line num="58" count="7" type="stmt"/>
        <line num="59" count="61" type="stmt"/>
        <line num="60" count="61" type="stmt"/>
        <line num="63" count="7" type="stmt"/>
        <line num="64" count="60" type="stmt"/>
        <line num="65" count="60" type="stmt"/>
        <line num="67" count="57" type="stmt"/>
        <line num="68" count="4644" type="cond" truecount="4" falsecount="0"/>
        <line num="69" count="47" type="stmt"/>
        <line num="70" count="47" type="stmt"/>
        <line num="75" count="10" type="stmt"/>
        <line num="76" count="10" type="stmt"/>
        <line num="77" count="10" type="stmt"/>
      </file>
      <file name="loadFromJson.js" path="C:\Users\steph\OneDrive\Documents\GitHub\Mod Tracker\WebApp\src\data\loadFromJson.js">
        <metrics statements="54" coveredstatements="36" conditionals="24" coveredconditionals="18" methods="6" coveredmethods="6"/>
        <line num="6" count="28" type="cond" truecount="3" falsecount="1"/>
        <line num="7" count="0" type="stmt"/>
        <line num="8" count="0" type="stmt"/>
        <line num="9" count="0" type="stmt"/>
        <line num="12" count="28" type="stmt"/>
        <line num="22" count="2" type="stmt"/>
        <line num="24" count="2" type="stmt"/>
        <line num="25" count="2" type="stmt"/>
        <line num="26" count="2" type="stmt"/>
        <line num="29" count="2" type="stmt"/>
        <line num="34" count="26" type="cond" truecount="1" falsecount="1"/>
        <line num="35" count="0" type="stmt"/>
        <line num="36" count="0" type="stmt"/>
        <line num="37" count="0" type="stmt"/>
        <line num="38" count="26" type="cond" truecount="1" falsecount="1"/>
        <line num="39" count="0" type="stmt"/>
        <line num="40" count="0" type="stmt"/>
        <line num="41" count="0" type="stmt"/>
        <line num="44" count="26" type="stmt"/>
        <line num="46" count="26" type="stmt"/>
        <line num="58" count="8" type="cond" truecount="1" falsecount="1"/>
        <line num="59" count="0" type="stmt"/>
        <line num="60" count="0" type="stmt"/>
        <line num="61" count="0" type="stmt"/>
        <line num="62" count="8" type="cond" truecount="2" falsecount="0"/>
        <line num="63" count="1" type="stmt"/>
        <line num="64" count="1" type="stmt"/>
        <line num="65" count="1" type="stmt"/>
        <line num="66" count="7" type="cond" truecount="1" falsecount="1"/>
        <line num="67" count="0" type="stmt"/>
        <line num="68" count="0" type="stmt"/>
        <line num="69" count="0" type="stmt"/>
        <line num="72" count="7" type="stmt"/>
        <line num="74" count="7" type="stmt"/>
        <line num="75" count="20" type="stmt"/>
        <line num="77" count="20" type="cond" truecount="4" falsecount="0"/>
        <line num="78" count="18" type="stmt"/>
        <line num="82" count="7" type="stmt"/>
        <line num="87" count="2" type="stmt"/>
        <line num="89" count="2" type="stmt"/>
        <line num="90" count="2" type="stmt"/>
        <line num="91" count="2" type="stmt"/>
        <line num="94" count="2" type="stmt"/>
        <line num="99" count="3" type="cond" truecount="1" falsecount="1"/>
        <line num="100" count="0" type="stmt"/>
        <line num="101" count="0" type="stmt"/>
        <line num="102" count="0" type="stmt"/>
        <line num="103" count="3" type="cond" truecount="2" falsecount="0"/>
        <line num="104" count="1" type="stmt"/>
        <line num="105" count="1" type="stmt"/>
        <line num="106" count="1" type="stmt"/>
        <line num="109" count="2" type="stmt"/>
        <line num="110" count="2" type="stmt"/>
        <line num="112" count="2" type="stmt"/>
      </file>
      <file name="mod.js" path="C:\Users\steph\OneDrive\Documents\GitHub\Mod Tracker\WebApp\src\data\mod.js">
        <metrics statements="105" coveredstatements="84" conditionals="74" coveredconditionals="55" methods="26" coveredmethods="22"/>
        <line num="5" count="194" type="stmt"/>
        <line num="6" count="194" type="stmt"/>
        <line num="7" count="194" type="stmt"/>
        <line num="8" count="194" type="stmt"/>
        <line num="11" count="194" type="stmt"/>
        <line num="12" count="194" type="stmt"/>
        <line num="13" count="194" type="stmt"/>
        <line num="14" count="194" type="stmt"/>
        <line num="18" count="132" type="stmt"/>
        <line num="27" count="15" type="stmt"/>
        <line num="31" count="2" type="cond" truecount="5" falsecount="0"/>
        <line num="35" count="0" type="stmt"/>
        <line num="40" count="59" type="stmt"/>
        <line num="41" count="59" type="stmt"/>
        <line num="43" count="59" type="stmt"/>
        <line num="44" count="59" type="stmt"/>
        <line num="45" count="59" type="stmt"/>
        <line num="46" count="59" type="stmt"/>
        <line num="48" count="59" type="stmt"/>
        <line num="49" count="59" type="stmt"/>
        <line num="61" count="59" type="stmt"/>
        <line num="62" count="59" type="stmt"/>
        <line num="64" count="59" type="stmt"/>
        <line num="65" count="59" type="stmt"/>
        <line num="66" count="59" type="stmt"/>
        <line num="67" count="59" type="stmt"/>
        <line num="68" count="59" type="stmt"/>
        <line num="69" count="59" type="stmt"/>
        <line num="71" count="59" type="cond" truecount="1" falsecount="1"/>
        <line num="72" count="0" type="stmt"/>
        <line num="73" count="59" type="cond" truecount="2" falsecount="0"/>
        <line num="74" count="4" type="stmt"/>
        <line num="79" count="15" type="stmt"/>
        <line num="83" count="6" type="cond" truecount="2" falsecount="2"/>
        <line num="84" count="6" type="stmt"/>
        <line num="86" count="0" type="stmt"/>
        <line num="91" count="18" type="cond" truecount="1" falsecount="1"/>
        <line num="92" count="0" type="cond" truecount="0" falsecount="2"/>
        <line num="93" count="0" type="stmt"/>
        <line num="95" count="0" type="stmt"/>
        <line num="98" count="18" type="cond" truecount="4" falsecount="0"/>
        <line num="104" count="18" type="cond" truecount="1" falsecount="1"/>
        <line num="105" count="0" type="stmt"/>
        <line num="111" count="18" type="stmt"/>
        <line num="115" count="88" type="stmt"/>
        <line num="117" count="8" type="stmt"/>
        <line num="119" count="20" type="stmt"/>
        <line num="121" count="39" type="stmt"/>
        <line num="122" count="284" type="stmt"/>
        <line num="124" count="17" type="stmt"/>
        <line num="126" count="0" type="stmt"/>
        <line num="128" count="0" type="stmt"/>
        <line num="130" count="0" type="stmt"/>
        <line num="132" count="4" type="cond" truecount="2" falsecount="0"/>
        <line num="135" count="16" type="stmt"/>
        <line num="136" count="16" type="stmt"/>
        <line num="137" count="16" type="cond" truecount="2" falsecount="0"/>
        <line num="141" count="99" type="stmt"/>
        <line num="143" count="92" type="cond" truecount="2" falsecount="0"/>
        <line num="144" count="55" type="cond" truecount="1" falsecount="1"/>
        <line num="145" count="55" type="stmt"/>
        <line num="146" count="0" type="cond" truecount="0" falsecount="2"/>
        <line num="147" count="0" type="stmt"/>
        <line num="149" count="37" type="cond" truecount="1" falsecount="1"/>
        <line num="150" count="37" type="cond" truecount="1" falsecount="1"/>
        <line num="151" count="37" type="stmt"/>
        <line num="152" count="0" type="cond" truecount="0" falsecount="2"/>
        <line num="153" count="0" type="stmt"/>
        <line num="159" count="150" type="cond" truecount="2" falsecount="0"/>
        <line num="160" count="26" type="stmt"/>
        <line num="161" count="26" type="stmt"/>
        <line num="162" count="26" type="stmt"/>
        <line num="166" count="124" type="cond" truecount="2" falsecount="0"/>
        <line num="167" count="59" type="stmt"/>
        <line num="168" count="59" type="stmt"/>
        <line num="169" count="65" type="cond" truecount="1" falsecount="1"/>
        <line num="170" count="65" type="stmt"/>
        <line num="172" count="0" type="stmt"/>
        <line num="173" count="0" type="stmt"/>
        <line num="174" count="0" type="stmt"/>
        <line num="177" count="95" type="cond" truecount="1" falsecount="1"/>
        <line num="178" count="0" type="stmt"/>
        <line num="180" count="95" type="stmt"/>
        <line num="184" count="46" type="stmt"/>
        <line num="195" count="99" type="stmt"/>
        <line num="197" count="99" type="cond" truecount="4" falsecount="0"/>
        <line num="198" count="1" type="stmt"/>
        <line num="199" count="1" type="stmt"/>
        <line num="200" count="1" type="stmt"/>
        <line num="203" count="98" type="cond" truecount="2" falsecount="0"/>
        <line num="204" count="60" type="stmt"/>
        <line num="207" count="93" type="cond" truecount="2" falsecount="0"/>
        <line num="208" count="38" type="stmt"/>
        <line num="213" count="55" type="cond" truecount="1" falsecount="1"/>
        <line num="214" count="0" type="stmt"/>
        <line num="217" count="55" type="stmt"/>
        <line num="218" count="55" type="stmt"/>
        <line num="219" count="55" type="stmt"/>
        <line num="223" count="41" type="cond" truecount="1" falsecount="1"/>
        <line num="224" count="0" type="stmt"/>
        <line num="227" count="41" type="stmt"/>
        <line num="228" count="41" type="stmt"/>
        <line num="229" count="41" type="stmt"/>
        <line num="230" count="41" type="cond" truecount="1" falsecount="1"/>
        <line num="231" count="0" type="stmt"/>
      </file>
      <file name="profile.js" path="C:\Users\steph\OneDrive\Documents\GitHub\Mod Tracker\WebApp\src\data\profile.js">
        <metrics statements="92" coveredstatements="78" conditionals="42" coveredconditionals="33" methods="38" coveredmethods="35"/>
        <line num="6" count="44" type="stmt"/>
        <line num="7" count="44" type="stmt"/>
        <line num="8" count="44" type="stmt"/>
        <line num="15" count="44" type="stmt"/>
        <line num="16" count="44" type="stmt"/>
        <line num="17" count="44" type="stmt"/>
        <line num="21" count="0" type="stmt"/>
        <line num="23" count="0" type="cond" truecount="0" falsecount="2"/>
        <line num="24" count="0" type="stmt"/>
        <line num="25" count="0" type="stmt"/>
        <line num="28" count="0" type="stmt"/>
        <line num="31" count="0" type="stmt"/>
        <line num="34" count="74" type="stmt"/>
        <line num="36" count="24" type="stmt"/>
        <line num="38" count="1" type="stmt"/>
        <line num="40" count="0" type="stmt"/>
        <line num="43" count="6" type="cond" truecount="6" falsecount="0"/>
        <line num="44" count="2" type="stmt"/>
        <line num="45" count="2" type="stmt"/>
        <line num="46" count="2" type="stmt"/>
        <line num="49" count="4" type="stmt"/>
        <line num="50" count="4" type="stmt"/>
        <line num="52" count="4" type="stmt"/>
        <line num="54" count="4" type="cond" truecount="1" falsecount="1"/>
        <line num="55" count="4" type="stmt"/>
        <line num="57" count="0" type="stmt"/>
        <line num="62" count="8" type="cond" truecount="4" falsecount="0"/>
        <line num="63" count="4" type="stmt"/>
        <line num="66" count="4" type="stmt"/>
        <line num="67" count="4" type="cond" truecount="1" falsecount="1"/>
        <line num="68" count="4" type="stmt"/>
        <line num="70" count="0" type="stmt"/>
        <line num="75" count="6" type="stmt"/>
        <line num="77" count="86" type="stmt"/>
        <line num="78" count="86" type="stmt"/>
        <line num="80" count="0" type="stmt"/>
        <line num="87" count="19" type="stmt"/>
        <line num="89" count="113" type="stmt"/>
        <line num="90" count="113" type="stmt"/>
        <line num="91" count="76" type="stmt"/>
        <line num="93" count="34" type="cond" truecount="4" falsecount="1"/>
        <line num="96" count="34" type="stmt"/>
        <line num="98" count="0" type="stmt"/>
        <line num="104" count="17" type="stmt"/>
        <line num="105" count="107" type="cond" truecount="3" falsecount="1"/>
        <line num="106" count="0" type="stmt"/>
        <line num="110" count="17" type="stmt"/>
        <line num="114" count="24" type="stmt"/>
        <line num="116" count="24" type="stmt"/>
        <line num="117" count="30" type="cond" truecount="2" falsecount="0"/>
        <line num="118" count="20" type="stmt"/>
        <line num="122" count="24" type="cond" truecount="2" falsecount="0"/>
        <line num="123" count="14" type="stmt"/>
        <line num="125" count="10" type="stmt"/>
        <line num="130" count="26" type="stmt"/>
        <line num="134" count="36" type="stmt"/>
        <line num="135" count="26" type="stmt"/>
        <line num="146" count="22" type="stmt"/>
        <line num="147" count="22" type="stmt"/>
        <line num="154" count="22" type="stmt"/>
        <line num="155" count="22" type="stmt"/>
        <line num="158" count="19" type="stmt"/>
        <line num="160" count="18" type="stmt"/>
        <line num="162" count="28" type="stmt"/>
        <line num="164" count="9" type="stmt"/>
        <line num="166" count="92" type="stmt"/>
        <line num="168" count="1" type="stmt"/>
        <line num="171" count="7" type="cond" truecount="1" falsecount="1"/>
        <line num="172" count="0" type="stmt"/>
        <line num="174" count="7" type="cond" truecount="1" falsecount="1"/>
        <line num="175" count="0" type="stmt"/>
        <line num="178" count="7" type="stmt"/>
        <line num="179" count="7" type="stmt"/>
        <line num="180" count="7" type="stmt"/>
        <line num="184" count="9" type="stmt"/>
        <line num="185" count="9" type="stmt"/>
        <line num="186" count="9" type="stmt"/>
        <line num="190" count="2" type="stmt"/>
        <line num="191" count="2" type="stmt"/>
        <line num="195" count="5" type="stmt"/>
        <line num="196" count="5" type="stmt"/>
        <line num="200" count="1" type="stmt"/>
        <line num="201" count="2" type="stmt"/>
        <line num="203" count="1" type="stmt"/>
        <line num="207" count="27" type="stmt"/>
        <line num="211" count="4" type="stmt"/>
        <line num="215" count="31" type="stmt"/>
        <line num="216" count="82" type="stmt"/>
        <line num="218" count="31" type="stmt"/>
        <line num="225" count="16" type="stmt"/>
        <line num="226" count="15" type="stmt"/>
        <line num="227" count="15" type="cond" truecount="1" falsecount="1"/>
      </file>
      <file name="stateProvider.jsx" path="C:\Users\steph\OneDrive\Documents\GitHub\Mod Tracker\WebApp\src\data\stateProvider.jsx">
        <metrics statements="10" coveredstatements="4" conditionals="4" coveredconditionals="1" methods="0" coveredmethods="0"/>
        <line num="4" count="2" type="stmt"/>
        <line num="5" count="2" type="stmt"/>
        <line num="6" count="2" type="stmt"/>
        <line num="8" count="2" type="cond" truecount="1" falsecount="1"/>
        <line num="9" count="0" type="stmt"/>
        <line num="10" count="0" type="stmt"/>
        <line num="11" count="0" type="stmt"/>
        <line num="13" count="0" type="cond" truecount="0" falsecount="2"/>
        <line num="14" count="0" type="stmt"/>
        <line num="16" count="0" type="stmt"/>
      </file>
    </package>
    <package name="src.display">
      <metrics statements="71" coveredstatements="64" conditionals="14" coveredconditionals="10" methods="19" coveredmethods="17"/>
      <file name="detailsWindow.jsx" path="C:\Users\steph\OneDrive\Documents\GitHub\Mod Tracker\WebApp\src\display\detailsWindow.jsx">
        <metrics statements="46" coveredstatements="41" conditionals="8" coveredconditionals="5" methods="10" coveredmethods="9"/>
        <line num="13" count="22" type="stmt"/>
        <line num="15" count="22" type="stmt"/>
        <line num="16" count="22" type="stmt"/>
        <line num="17" count="22" type="stmt"/>
        <line num="18" count="22" type="stmt"/>
        <line num="19" count="22" type="stmt"/>
        <line num="21" count="22" type="stmt"/>
        <line num="23" count="22" type="stmt"/>
        <line num="24" count="12" type="cond" truecount="2" falsecount="0"/>
        <line num="25" count="1" type="stmt"/>
        <line num="26" count="11" type="cond" truecount="1" falsecount="1"/>
        <line num="27" count="0" type="stmt"/>
        <line num="31" count="22" type="stmt"/>
        <line num="32" count="2" type="stmt"/>
        <line num="33" count="2" type="stmt"/>
        <line num="34" count="1" type="stmt"/>
        <line num="35" count="1" type="stmt"/>
        <line num="37" count="1" type="cond" truecount="1" falsecount="1"/>
        <line num="38" count="1" type="stmt"/>
        <line num="40" count="0" type="stmt"/>
        <line num="46" count="1" type="cond" truecount="1" falsecount="1"/>
        <line num="47" count="1" type="stmt"/>
        <line num="49" count="1" type="stmt"/>
        <line num="50" count="1" type="stmt"/>
        <line num="51" count="1" type="stmt"/>
        <line num="55" count="0" type="stmt"/>
        <line num="56" count="0" type="stmt"/>
        <line num="57" count="0" type="stmt"/>
        <line num="61" count="2" type="stmt"/>
        <line num="62" count="2" type="stmt"/>
        <line num="64" count="2" type="stmt"/>
        <line num="68" count="1" type="stmt"/>
        <line num="69" count="1" type="stmt"/>
        <line num="70" count="1" type="stmt"/>
        <line num="71" count="1" type="stmt"/>
        <line num="72" count="1" type="stmt"/>
        <line num="73" count="1" type="stmt"/>
        <line num="74" count="1" type="stmt"/>
        <line num="75" count="1" type="stmt"/>
        <line num="76" count="1" type="stmt"/>
        <line num="77" count="1" type="stmt"/>
        <line num="79" count="1" type="stmt"/>
        <line num="83" count="1" type="stmt"/>
        <line num="86" count="22" type="stmt"/>
        <line num="108" count="2" type="stmt"/>
        <line num="121" count="1" type="stmt"/>
      </file>
      <file name="profileSelectWindow.jsx" path="C:\Users\steph\OneDrive\Documents\GitHub\Mod Tracker\WebApp\src\display\profileSelectWindow.jsx">
        <metrics statements="25" coveredstatements="23" conditionals="6" coveredconditionals="5" methods="9" coveredmethods="8"/>
        <line num="7" count="14" type="stmt"/>
        <line num="9" count="14" type="stmt"/>
        <line num="10" count="14" type="stmt"/>
        <line num="11" count="14" type="stmt"/>
        <line num="13" count="14" type="stmt"/>
        <line num="14" count="9" type="cond" truecount="2" falsecount="0"/>
        <line num="15" count="2" type="stmt"/>
        <line num="16" count="7" type="cond" truecount="2" falsecount="0"/>
        <line num="17" count="1" type="stmt"/>
        <line num="22" count="1" type="stmt"/>
        <line num="23" count="1" type="stmt"/>
        <line num="27" count="1" type="stmt"/>
        <line num="28" count="1" type="stmt"/>
        <line num="32" count="0" type="stmt"/>
        <line num="33" count="0" type="stmt"/>
        <line num="36" count="14" type="stmt"/>
        <line num="41" count="24" type="stmt"/>
        <line num="42" count="24" type="stmt"/>
        <line num="44" count="24" type="stmt"/>
        <line num="45" count="1" type="stmt"/>
        <line num="63" count="1" type="stmt"/>
        <line num="64" count="1" type="stmt"/>
        <line num="65" count="1" type="cond" truecount="1" falsecount="1"/>
        <line num="66" count="1" type="stmt"/>
        <line num="74" count="1" type="stmt"/>
      </file>
    </package>
    <package name="src.styles">
      <metrics statements="0" coveredstatements="0" conditionals="0" coveredconditionals="0" methods="0" coveredmethods="0"/>
      <file name="detailsWindow.css" path="C:\Users\steph\OneDrive\Documents\GitHub\Mod Tracker\WebApp\src\styles\detailsWindow.css">
        <metrics statements="0" coveredstatements="0" conditionals="0" coveredconditionals="0" methods="0" coveredmethods="0"/>
      </file>
      <file name="modTable.css" path="C:\Users\steph\OneDrive\Documents\GitHub\Mod Tracker\WebApp\src\styles\modTable.css">
        <metrics statements="0" coveredstatements="0" conditionals="0" coveredconditionals="0" methods="0" coveredmethods="0"/>
      </file>
      <file name="pieChart.css" path="C:\Users\steph\OneDrive\Documents\GitHub\Mod Tracker\WebApp\src\styles\pieChart.css">
        <metrics statements="0" coveredstatements="0" conditionals="0" coveredconditionals="0" methods="0" coveredmethods="0"/>
      </file>
      <file name="popup.css" path="C:\Users\steph\OneDrive\Documents\GitHub\Mod Tracker\WebApp\src\styles\popup.css">
        <metrics statements="0" coveredstatements="0" conditionals="0" coveredconditionals="0" methods="0" coveredmethods="0"/>
      </file>
      <file name="profileSelectWindow.css" path="C:\Users\steph\OneDrive\Documents\GitHub\Mod Tracker\WebApp\src\styles\profileSelectWindow.css">
        <metrics statements="0" coveredstatements="0" conditionals="0" coveredconditionals="0" methods="0" coveredmethods="0"/>
      </file>
    </package>
    <package name="src.widgets">
      <metrics statements="156" coveredstatements="104" conditionals="113" coveredconditionals="62" methods="45" coveredmethods="34"/>
      <file name="EditableText.jsx" path="C:\Users\steph\OneDrive\Documents\GitHub\Mod Tracker\WebApp\src\widgets\EditableText.jsx">
        <metrics statements="19" coveredstatements="19" conditionals="21" coveredconditionals="19" methods="10" coveredmethods="9"/>
        <line num="4" count="102" type="stmt"/>
        <line num="5" count="102" type="stmt"/>
        <line num="6" count="102" type="stmt"/>
        <line num="8" count="102" type="stmt"/>
        <line num="10" count="102" type="stmt"/>
        <line num="11" count="39" type="cond" truecount="4" falsecount="0"/>
        <line num="12" count="10" type="stmt"/>
        <line num="13" count="10" type="stmt"/>
        <line num="18" count="10" type="stmt"/>
        <line num="19" count="10" type="stmt"/>
        <line num="23" count="3" type="cond" truecount="2" falsecount="0"/>
        <line num="24" count="3" type="stmt"/>
        <line num="28" count="1" type="stmt"/>
        <line num="29" count="1" type="stmt"/>
        <line num="33" count="33" type="cond" truecount="4" falsecount="0"/>
        <line num="34" count="1" type="stmt"/>
        <line num="37" count="102" type="stmt"/>
        <line num="43" count="35" type="stmt"/>
        <line num="53" count="2" type="cond" truecount="3" falsecount="1"/>
      </file>
      <file name="chartManager.jsx" path="C:\Users\steph\OneDrive\Documents\GitHub\Mod Tracker\WebApp\src\widgets\chartManager.jsx">
        <metrics statements="17" coveredstatements="16" conditionals="12" coveredconditionals="7" methods="2" coveredmethods="2"/>
        <line num="5" count="22" type="stmt"/>
        <line num="6" count="22" type="stmt"/>
        <line num="7" count="22" type="stmt"/>
        <line num="9" count="22" type="cond" truecount="1" falsecount="1"/>
        <line num="10" count="22" type="stmt"/>
        <line num="11" count="71" type="stmt"/>
        <line num="12" count="71" type="stmt"/>
        <line num="13" count="76" type="stmt"/>
        <line num="15" count="71" type="cond" truecount="2" falsecount="0"/>
        <line num="16" count="44" type="stmt"/>
        <line num="17" count="27" type="cond" truecount="1" falsecount="1"/>
        <line num="18" count="0" type="stmt"/>
        <line num="20" count="27" type="cond" truecount="1" falsecount="1"/>
        <line num="21" count="27" type="cond" truecount="1" falsecount="1"/>
        <line num="22" count="27" type="cond" truecount="1" falsecount="1"/>
        <line num="23" count="27" type="stmt"/>
        <line num="32" count="22" type="stmt"/>
      </file>
      <file name="filePickerButton.jsx" path="C:\Users\steph\OneDrive\Documents\GitHub\Mod Tracker\WebApp\src\widgets\filePickerButton.jsx">
        <metrics statements="21" coveredstatements="6" conditionals="17" coveredconditionals="5" methods="3" coveredmethods="1"/>
        <line num="4" count="5" type="stmt"/>
        <line num="5" count="5" type="stmt"/>
        <line num="6" count="5" type="stmt"/>
        <line num="8" count="5" type="stmt"/>
        <line num="9" count="0" type="stmt"/>
        <line num="10" count="0" type="stmt"/>
        <line num="13" count="5" type="stmt"/>
        <line num="14" count="0" type="cond" truecount="0" falsecount="2"/>
        <line num="15" count="0" type="cond" truecount="0" falsecount="2"/>
        <line num="16" count="0" type="stmt"/>
        <line num="18" count="0" type="stmt"/>
        <line num="19" count="0" type="stmt"/>
        <line num="20" count="0" type="stmt"/>
        <line num="22" count="0" type="stmt"/>
        <line num="23" count="0" type="cond" truecount="0" falsecount="2"/>
        <line num="24" count="0" type="stmt"/>
        <line num="27" count="0" type="cond" truecount="0" falsecount="2"/>
        <line num="28" count="0" type="cond" truecount="0" falsecount="2"/>
        <line num="29" count="0" type="stmt"/>
        <line num="33" count="0" type="stmt"/>
        <line num="37" count="5" type="stmt"/>
      </file>
      <file name="modTable.jsx" path="C:\Users\steph\OneDrive\Documents\GitHub\Mod Tracker\WebApp\src\widgets\modTable.jsx">
        <metrics statements="14" coveredstatements="13" conditionals="16" coveredconditionals="11" methods="5" coveredmethods="5"/>
        <line num="5" count="1" type="stmt"/>
        <line num="6" count="22" type="stmt"/>
        <line num="7" count="22" type="stmt"/>
        <line num="9" count="22" type="stmt"/>
        <line num="10" count="22" type="stmt"/>
        <line num="11" count="22" type="cond" truecount="1" falsecount="1"/>
        <line num="12" count="0" type="stmt"/>
        <line num="15" count="22" type="stmt"/>
        <line num="16" count="66" type="stmt"/>
        <line num="19" count="22" type="stmt"/>
        <line num="31" count="71" type="stmt"/>
        <line num="53" count="1" type="stmt"/>
        <line num="64" count="213" type="stmt"/>
        <line num="84" count="1" type="stmt"/>
      </file>
      <file name="newPriorityPopup.jsx" path="C:\Users\steph\OneDrive\Documents\GitHub\Mod Tracker\WebApp\src\widgets\newPriorityPopup.jsx">
        <metrics statements="26" coveredstatements="5" conditionals="11" coveredconditionals="2" methods="6" coveredmethods="1"/>
        <line num="10" count="22" type="stmt"/>
        <line num="11" count="22" type="stmt"/>
        <line num="12" count="22" type="stmt"/>
        <line num="15" count="0" type="cond" truecount="0" falsecount="4"/>
        <line num="16" count="0" type="stmt"/>
        <line num="17" count="0" type="stmt"/>
        <line num="18" count="0" type="cond" truecount="0" falsecount="2"/>
        <line num="19" count="0" type="stmt"/>
        <line num="20" count="0" type="stmt"/>
        <line num="22" count="0" type="stmt"/>
        <line num="23" count="0" type="stmt"/>
        <line num="24" count="0" type="stmt"/>
        <line num="27" count="0" type="cond" truecount="0" falsecount="2"/>
        <line num="28" count="0" type="stmt"/>
        <line num="29" count="0" type="stmt"/>
        <line num="30" count="0" type="stmt"/>
        <line num="32" count="0" type="stmt"/>
        <line num="33" count="0" type="stmt"/>
        <line num="34" count="0" type="stmt"/>
        <line num="39" count="22" type="stmt"/>
        <line num="40" count="0" type="stmt"/>
        <line num="43" count="22" type="stmt"/>
        <line num="52" count="0" type="stmt"/>
        <line num="70" count="0" type="stmt"/>
        <line num="71" count="0" type="stmt"/>
        <line num="79" count="0" type="stmt"/>
      </file>
      <file name="newProfilePopup.jsx" path="C:\Users\steph\OneDrive\Documents\GitHub\Mod Tracker\WebApp\src\widgets\newProfilePopup.jsx">
        <metrics statements="14" coveredstatements="7" conditionals="10" coveredconditionals="3" methods="6" coveredmethods="5"/>
        <line num="12" count="6" type="stmt"/>
        <line num="15" count="1" type="stmt"/>
        <line num="19" count="0" type="cond" truecount="0" falsecount="4"/>
        <line num="20" count="0" type="stmt"/>
        <line num="21" count="0" type="cond" truecount="0" falsecount="2"/>
        <line num="23" count="0" type="stmt"/>
        <line num="26" count="0" type="stmt"/>
        <line num="27" count="0" type="stmt"/>
        <line num="28" count="0" type="stmt"/>
        <line num="32" count="6" type="stmt"/>
        <line num="41" count="1" type="stmt"/>
        <line num="50" count="1" type="stmt"/>
        <line num="51" count="1" type="stmt"/>
        <line num="66" count="1" type="stmt"/>
      </file>
      <file name="pieChart.jsx" path="C:\Users\steph\OneDrive\Documents\GitHub\Mod Tracker\WebApp\src\widgets\pieChart.jsx">
        <metrics statements="21" coveredstatements="20" conditionals="15" coveredconditionals="10" methods="6" coveredmethods="6"/>
        <line num="5" count="98" type="stmt"/>
        <line num="6" count="98" type="stmt"/>
        <line num="13" count="49" type="stmt"/>
        <line num="14" count="49" type="stmt"/>
        <line num="15" count="49" type="cond" truecount="2" falsecount="0"/>
        <line num="16" count="49" type="stmt"/>
        <line num="25" count="49" type="cond" truecount="2" falsecount="2"/>
        <line num="26" count="22" type="stmt"/>
        <line num="27" count="22" type="stmt"/>
        <line num="28" count="22" type="stmt"/>
        <line num="29" count="22" type="stmt"/>
        <line num="31" count="22" type="stmt"/>
        <line num="35" count="49" type="stmt"/>
        <line num="36" count="49" type="stmt"/>
        <line num="37" count="49" type="stmt"/>
        <line num="38" count="49" type="stmt"/>
        <line num="41" count="49" type="cond" truecount="1" falsecount="1"/>
        <line num="42" count="0" type="stmt"/>
        <line num="45" count="49" type="stmt"/>
        <line num="46" count="49" type="stmt"/>
        <line num="76" count="49" type="stmt"/>
      </file>
      <file name="tableManager.jsx" path="C:\Users\steph\OneDrive\Documents\GitHub\Mod Tracker\WebApp\src\widgets\tableManager.jsx">
        <metrics statements="20" coveredstatements="15" conditionals="6" coveredconditionals="3" methods="3" coveredmethods="3"/>
        <line num="7" count="1" type="stmt"/>
        <line num="8" count="22" type="stmt"/>
        <line num="9" count="22" type="stmt"/>
        <line num="12" count="1" type="cond" truecount="1" falsecount="1"/>
        <line num="13" count="0" type="stmt"/>
        <line num="14" count="0" type="stmt"/>
        <line num="15" count="0" type="stmt"/>
        <line num="18" count="1" type="cond" truecount="1" falsecount="1"/>
        <line num="19" count="1" type="stmt"/>
        <line num="20" count="1" type="stmt"/>
        <line num="22" count="1" type="cond" truecount="1" falsecount="1"/>
        <line num="23" count="1" type="stmt"/>
        <line num="24" count="1" type="stmt"/>
        <line num="25" count="1" type="stmt"/>
        <line num="27" count="0" type="stmt"/>
        <line num="30" count="0" type="stmt"/>
        <line num="34" count="22" type="stmt"/>
        <line num="35" count="1" type="stmt"/>
        <line num="36" count="1" type="stmt"/>
        <line num="39" count="22" type="stmt"/>
      </file>
      <file name="textInputBox.jsx" path="C:\Users\steph\OneDrive\Documents\GitHub\Mod Tracker\WebApp\src\widgets\textInputBox.jsx">
        <metrics statements="4" coveredstatements="3" conditionals="5" coveredconditionals="2" methods="4" coveredmethods="2"/>
        <line num="3" count="2" type="cond" truecount="2" falsecount="1"/>
        <line num="5" count="0" type="cond" truecount="0" falsecount="2"/>
        <line num="8" count="49" type="stmt"/>
        <line num="15" count="4" type="stmt"/>
      </file>
    </package>
  </project>
</coverage>
