{"C:\\Users\\steph\\OneDrive\\Documents\\GitHub\\Mod Tracker\\WebApp\\src\\API_Keys.js": {"path":"C:\\Users\\steph\\OneDrive\\Documents\\GitHub\\Mod Tracker\\WebApp\\src\\API_Keys.js","statementMap":{"0":{"start":{"line":1,"column":26},"end":{"line":1,"column":null}}},"fnMap":{},"branchMap":{},"s":{"0":4},"f":{},"b":{},"meta":{"lastBranch":0,"lastFunction":0,"lastStatement":1,"seen":{"s:1:26:1:Infinity":0}}}
,"C:\\Users\\steph\\OneDrive\\Documents\\GitHub\\Mod Tracker\\WebApp\\src\\data\\callCurseForge.js": {"path":"C:\\Users\\steph\\OneDrive\\Documents\\GitHub\\Mod Tracker\\WebApp\\src\\data\\callCurseForge.js","statementMap":{"0":{"start":{"line":1,"column":101},"end":{"line":1,"column":null}},"1":{"start":{"line":2,"column":24},"end":{"line":2,"column":29}},"2":{"start":{"line":3,"column":28},"end":{"line":3,"column":138}},"3":{"start":{"line":7,"column":4},"end":{"line":11,"column":5}},"4":{"start":{"line":8,"column":8},"end":{"line":8,"column":20}},"5":{"start":{"line":10,"column":8},"end":{"line":10,"column":52}},"6":{"start":{"line":14,"column":31},"end":{"line":69,"column":1}},"7":{"start":{"line":19,"column":17},"end":{"line":19,"column":51}},"8":{"start":{"line":20,"column":4},"end":{"line":34,"column":5}},"9":{"start":{"line":21,"column":8},"end":{"line":33,"column":9}},"10":{"start":{"line":22,"column":31},"end":{"line":22,"column":null}},"11":{"start":{"line":23,"column":12},"end":{"line":23,"column":42}},"12":{"start":{"line":25,"column":12},"end":{"line":27,"column":13}},"13":{"start":{"line":26,"column":16},"end":{"line":26,"column":82}},"14":{"start":{"line":29,"column":12},"end":{"line":32,"column":61}},"15":{"start":{"line":37,"column":4},"end":{"line":56,"column":5}},"16":{"start":{"line":38,"column":30},"end":{"line":38,"column":42}},"17":{"start":{"line":39,"column":8},"end":{"line":41,"column":10}},"18":{"start":{"line":40,"column":12},"end":{"line":40,"column":55}},"19":{"start":{"line":43,"column":8},"end":{"line":47,"column":10}},"20":{"start":{"line":49,"column":8},"end":{"line":55,"column":9}},"21":{"start":{"line":50,"column":12},"end":{"line":52,"column":13}},"22":{"start":{"line":54,"column":12},"end":{"line":54,"column":79}},"23":{"start":{"line":58,"column":23},"end":{"line":58,"column":38}},"24":{"start":{"line":59,"column":17},"end":{"line":59,"column":38}},"25":{"start":{"line":61,"column":4},"end":{"line":65,"column":5}},"26":{"start":{"line":62,"column":8},"end":{"line":64,"column":9}},"27":{"start":{"line":67,"column":17},"end":{"line":67,"column":33}},"28":{"start":{"line":68,"column":4},"end":{"line":68,"column":15}},"29":{"start":{"line":71,"column":13},"end":{"line":74,"column":1}},"30":{"start":{"line":72,"column":33},"end":{"line":72,"column":41}},"31":{"start":{"line":73,"column":4},"end":{"line":73,"column":124}},"32":{"start":{"line":76,"column":16},"end":{"line":96,"column":1}},"33":{"start":{"line":77,"column":16},"end":{"line":77,"column":87}},"34":{"start":{"line":78,"column":17},"end":{"line":78,"column":50}},"35":{"start":{"line":80,"column":4},"end":{"line":95,"column":5}},"36":{"start":{"line":82,"column":8},"end":{"line":86,"column":9}},"37":{"start":{"line":83,"column":12},"end":{"line":85,"column":13}},"38":{"start":{"line":84,"column":16},"end":{"line":84,"column":28}},"39":{"start":{"line":87,"column":8},"end":{"line":87,"column":57}},"40":{"start":{"line":90,"column":8},"end":{"line":94,"column":9}},"41":{"start":{"line":91,"column":12},"end":{"line":91,"column":82}},"42":{"start":{"line":93,"column":12},"end":{"line":93,"column":23}},"43":{"start":{"line":99,"column":24},"end":{"line":99,"column":57}},"44":{"start":{"line":101,"column":27},"end":{"line":104,"column":6}},"45":{"start":{"line":102,"column":22},"end":{"line":102,"column":49}},"46":{"start":{"line":103,"column":8},"end":{"line":103,"column":37}},"47":{"start":{"line":103,"column":32},"end":{"line":103,"column":36}},"48":{"start":{"line":106,"column":27},"end":{"line":114,"column":6}},"49":{"start":{"line":107,"column":8},"end":{"line":111,"column":9}},"50":{"start":{"line":107,"column":21},"end":{"line":107,"column":22}},"51":{"start":{"line":108,"column":12},"end":{"line":110,"column":13}},"52":{"start":{"line":109,"column":16},"end":{"line":109,"column":35}},"53":{"start":{"line":113,"column":8},"end":{"line":113,"column":35}},"54":{"start":{"line":116,"column":29},"end":{"line":127,"column":6}},"55":{"start":{"line":119,"column":8},"end":{"line":124,"column":9}},"56":{"start":{"line":120,"column":12},"end":{"line":120,"column":98}},"57":{"start":{"line":123,"column":12},"end":{"line":123,"column":74}},"58":{"start":{"line":126,"column":8},"end":{"line":126,"column":25}},"59":{"start":{"line":129,"column":32},"end":{"line":129,"column":62}},"60":{"start":{"line":130,"column":4},"end":{"line":130,"column":30}},"61":{"start":{"line":134,"column":4},"end":{"line":151,"column":5}},"62":{"start":{"line":136,"column":12},"end":{"line":136,"column":24}},"63":{"start":{"line":138,"column":12},"end":{"line":138,"column":26}},"64":{"start":{"line":140,"column":12},"end":{"line":140,"column":29}},"65":{"start":{"line":142,"column":12},"end":{"line":142,"column":31}},"66":{"start":{"line":144,"column":12},"end":{"line":144,"column":27}},"67":{"start":{"line":146,"column":12},"end":{"line":146,"column":26}},"68":{"start":{"line":148,"column":12},"end":{"line":148,"column":29}},"69":{"start":{"line":150,"column":12},"end":{"line":150,"column":21}},"70":{"start":{"line":154,"column":24},"end":{"line":177,"column":1}},"71":{"start":{"line":155,"column":24},"end":{"line":155,"column":57}},"72":{"start":{"line":158,"column":4},"end":{"line":172,"column":5}},"73":{"start":{"line":161,"column":8},"end":{"line":171,"column":9}},"74":{"start":{"line":162,"column":24},"end":{"line":162,"column":102}},"75":{"start":{"line":163,"column":25},"end":{"line":163,"column":58}},"76":{"start":{"line":164,"column":33},"end":{"line":164,"column":54}},"77":{"start":{"line":166,"column":12},"end":{"line":170,"column":13}},"78":{"start":{"line":167,"column":16},"end":{"line":167,"column":35}},"79":{"start":{"line":169,"column":16},"end":{"line":169,"column":116}},"80":{"start":{"line":174,"column":16},"end":{"line":174,"column":116}},"81":{"start":{"line":175,"column":4},"end":{"line":175,"column":39}},"82":{"start":{"line":176,"column":4},"end":{"line":176,"column":15}}},"fnMap":{"0":{"name":"verifyURL","decl":{"start":{"line":6,"column":9},"end":{"line":6,"column":18}},"loc":{"start":{"line":6,"column":24},"end":{"line":12,"column":1}},"line":6},"1":{"name":"(anonymous_1)","decl":{"start":{"line":14,"column":31},"end":{"line":14,"column":36}},"loc":{"start":{"line":14,"column":70},"end":{"line":69,"column":1}},"line":14},"2":{"name":"(anonymous_2)","decl":{"start":{"line":39,"column":50},"end":{"line":39,"column":51}},"loc":{"start":{"line":39,"column":68},"end":{"line":41,"column":9}},"line":39},"3":{"name":"(anonymous_3)","decl":{"start":{"line":71,"column":13},"end":{"line":71,"column":18}},"loc":{"start":{"line":71,"column":25},"end":{"line":74,"column":1}},"line":71},"4":{"name":"(anonymous_4)","decl":{"start":{"line":76,"column":16},"end":{"line":76,"column":21}},"loc":{"start":{"line":76,"column":36},"end":{"line":96,"column":1}},"line":76},"5":{"name":"sortVersionList","decl":{"start":{"line":98,"column":9},"end":{"line":98,"column":24}},"loc":{"start":{"line":98,"column":41},"end":{"line":131,"column":1}},"line":98},"6":{"name":"(anonymous_6)","decl":{"start":{"line":101,"column":43},"end":{"line":101,"column":44}},"loc":{"start":{"line":101,"column":53},"end":{"line":104,"column":5}},"line":101},"7":{"name":"(anonymous_7)","decl":{"start":{"line":103,"column":25},"end":{"line":103,"column":28}},"loc":{"start":{"line":103,"column":32},"end":{"line":103,"column":36}},"line":103},"8":{"name":"(anonymous_8)","decl":{"start":{"line":106,"column":47},"end":{"line":106,"column":48}},"loc":{"start":{"line":106,"column":57},"end":{"line":114,"column":5}},"line":106},"9":{"name":"(anonymous_9)","decl":{"start":{"line":116,"column":48},"end":{"line":116,"column":49}},"loc":{"start":{"line":116,"column":71},"end":{"line":127,"column":5}},"line":116},"10":{"name":"modLoader_IDtoText","decl":{"start":{"line":133,"column":9},"end":{"line":133,"column":27}},"loc":{"start":{"line":133,"column":38},"end":{"line":152,"column":1}},"line":133},"11":{"name":"(anonymous_11)","decl":{"start":{"line":154,"column":24},"end":{"line":154,"column":29}},"loc":{"start":{"line":154,"column":67},"end":{"line":177,"column":1}},"line":154}},"branchMap":{"0":{"loc":{"start":{"line":7,"column":4},"end":{"line":11,"column":5}},"type":"if","locations":[{"start":{"line":7,"column":4},"end":{"line":11,"column":5}},{"start":{"line":9,"column":11},"end":{"line":11,"column":5}}],"line":7},"1":{"loc":{"start":{"line":14,"column":43},"end":{"line":14,"column":65}},"type":"default-arg","locations":[{"start":{"line":14,"column":63},"end":{"line":14,"column":65}}],"line":14},"2":{"loc":{"start":{"line":20,"column":4},"end":{"line":34,"column":5}},"type":"if","locations":[{"start":{"line":20,"column":4},"end":{"line":34,"column":5}},{"start":{},"end":{}}],"line":20},"3":{"loc":{"start":{"line":20,"column":8},"end":{"line":20,"column":53}},"type":"binary-expr","locations":[{"start":{"line":20,"column":8},"end":{"line":20,"column":28}},{"start":{"line":20,"column":32},"end":{"line":20,"column":53}}],"line":20},"4":{"loc":{"start":{"line":25,"column":12},"end":{"line":27,"column":13}},"type":"if","locations":[{"start":{"line":25,"column":12},"end":{"line":27,"column":13}},{"start":{},"end":{}}],"line":25},"5":{"loc":{"start":{"line":25,"column":16},"end":{"line":25,"column":61}},"type":"binary-expr","locations":[{"start":{"line":25,"column":16},"end":{"line":25,"column":36}},{"start":{"line":25,"column":40},"end":{"line":25,"column":61}}],"line":25},"6":{"loc":{"start":{"line":49,"column":8},"end":{"line":55,"column":9}},"type":"if","locations":[{"start":{"line":49,"column":8},"end":{"line":55,"column":9}},{"start":{"line":53,"column":15},"end":{"line":55,"column":9}}],"line":49},"7":{"loc":{"start":{"line":61,"column":4},"end":{"line":65,"column":5}},"type":"if","locations":[{"start":{"line":61,"column":4},"end":{"line":65,"column":5}},{"start":{},"end":{}}],"line":61},"8":{"loc":{"start":{"line":83,"column":12},"end":{"line":85,"column":13}},"type":"if","locations":[{"start":{"line":83,"column":12},"end":{"line":85,"column":13}},{"start":{},"end":{}}],"line":83},"9":{"loc":{"start":{"line":90,"column":8},"end":{"line":94,"column":9}},"type":"if","locations":[{"start":{"line":90,"column":8},"end":{"line":94,"column":9}},{"start":{"line":92,"column":15},"end":{"line":94,"column":9}}],"line":90},"10":{"loc":{"start":{"line":108,"column":12},"end":{"line":110,"column":13}},"type":"if","locations":[{"start":{"line":108,"column":12},"end":{"line":110,"column":13}},{"start":{},"end":{}}],"line":108},"11":{"loc":{"start":{"line":119,"column":8},"end":{"line":124,"column":9}},"type":"if","locations":[{"start":{"line":119,"column":8},"end":{"line":124,"column":9}},{"start":{"line":122,"column":13},"end":{"line":124,"column":9}}],"line":119},"12":{"loc":{"start":{"line":134,"column":4},"end":{"line":151,"column":5}},"type":"switch","locations":[{"start":{"line":135,"column":8},"end":{"line":136,"column":24}},{"start":{"line":137,"column":8},"end":{"line":138,"column":26}},{"start":{"line":139,"column":8},"end":{"line":140,"column":29}},{"start":{"line":141,"column":8},"end":{"line":142,"column":31}},{"start":{"line":143,"column":8},"end":{"line":144,"column":27}},{"start":{"line":145,"column":8},"end":{"line":146,"column":26}},{"start":{"line":147,"column":8},"end":{"line":148,"column":29}},{"start":{"line":149,"column":8},"end":{"line":150,"column":21}}],"line":134},"13":{"loc":{"start":{"line":161,"column":8},"end":{"line":171,"column":9}},"type":"if","locations":[{"start":{"line":161,"column":8},"end":{"line":171,"column":9}},{"start":{},"end":{}}],"line":161},"14":{"loc":{"start":{"line":161,"column":12},"end":{"line":161,"column":135}},"type":"binary-expr","locations":[{"start":{"line":161,"column":12},"end":{"line":161,"column":39}},{"start":{"line":161,"column":43},"end":{"line":161,"column":62}},{"start":{"line":161,"column":67},"end":{"line":161,"column":86}},{"start":{"line":161,"column":90},"end":{"line":161,"column":134}}],"line":161},"15":{"loc":{"start":{"line":166,"column":12},"end":{"line":170,"column":13}},"type":"if","locations":[{"start":{"line":166,"column":12},"end":{"line":170,"column":13}},{"start":{"line":168,"column":19},"end":{"line":170,"column":13}}],"line":166}},"s":{"0":7,"1":7,"2":7,"3":189,"4":2,"5":187,"6":7,"7":91,"8":91,"9":91,"10":91,"11":91,"12":91,"13":0,"14":0,"15":91,"16":91,"17":91,"18":0,"19":91,"20":0,"21":0,"22":0,"23":90,"24":90,"25":90,"26":0,"27":90,"28":90,"29":7,"30":1,"31":1,"32":7,"33":40,"34":40,"35":39,"36":39,"37":71,"38":39,"39":0,"40":0,"41":0,"42":0,"43":41,"44":41,"45":3014,"46":3014,"47":8686,"48":41,"49":14559,"50":14559,"51":36816,"52":11343,"53":3216,"54":41,"55":3014,"56":2658,"57":356,"58":3014,"59":41,"60":41,"61":107,"62":0,"63":25,"64":0,"65":0,"66":51,"67":0,"68":31,"69":0,"70":7,"71":66,"72":66,"73":722,"74":50,"75":50,"76":50,"77":50,"78":50,"79":0,"80":16,"81":16,"82":16},"f":{"0":189,"1":91,"2":0,"3":1,"4":40,"5":41,"6":3014,"7":8686,"8":14559,"9":3014,"10":107,"11":66},"b":{"0":[2,187],"1":[91],"2":[91,0],"3":[91,0],"4":[0,91],"5":[91,91],"6":[0,0],"7":[0,90],"8":[39,32],"9":[0,0],"10":[11343,25473],"11":[2658,356],"12":[0,25,0,0,51,0,31,0],"13":[50,672],"14":[722,107,107,107],"15":[50,0]},"meta":{"lastBranch":16,"lastFunction":12,"lastStatement":83,"seen":{"s:1:101:1:Infinity":0,"s:2:24:2:29":1,"s:3:28:3:138":2,"f:6:9:6:18":0,"b:7:4:11:5:9:11:11:5":0,"s:7:4:11:5":3,"s:8:8:8:20":4,"s:10:8:10:52":5,"s:14:31:69:1":6,"f:14:31:14:36":1,"b:14:63:14:65":1,"s:19:17:19:51":7,"b:20:4:34:5:undefined:undefined:undefined:undefined":2,"s:20:4:34:5":8,"b:20:8:20:28:20:32:20:53":3,"s:21:8:33:9":9,"s:22:31:22:Infinity":10,"s:23:12:23:42":11,"b:25:12:27:13:undefined:undefined:undefined:undefined":4,"s:25:12:27:13":12,"b:25:16:25:36:25:40:25:61":5,"s:26:16:26:82":13,"s:29:12:32:61":14,"s:37:4:56:5":15,"s:38:30:38:42":16,"s:39:8:41:10":17,"f:39:50:39:51":2,"s:40:12:40:55":18,"s:43:8:47:10":19,"b:49:8:55:9:53:15:55:9":6,"s:49:8:55:9":20,"s:50:12:52:13":21,"s:54:12:54:79":22,"s:58:23:58:38":23,"s:59:17:59:38":24,"b:61:4:65:5:undefined:undefined:undefined:undefined":7,"s:61:4:65:5":25,"s:62:8:64:9":26,"s:67:17:67:33":27,"s:68:4:68:15":28,"s:71:13:74:1":29,"f:71:13:71:18":3,"s:72:33:72:41":30,"s:73:4:73:124":31,"s:76:16:96:1":32,"f:76:16:76:21":4,"s:77:16:77:87":33,"s:78:17:78:50":34,"s:80:4:95:5":35,"s:82:8:86:9":36,"b:83:12:85:13:undefined:undefined:undefined:undefined":8,"s:83:12:85:13":37,"s:84:16:84:28":38,"s:87:8:87:57":39,"b:90:8:94:9:92:15:94:9":9,"s:90:8:94:9":40,"s:91:12:91:82":41,"s:93:12:93:23":42,"f:98:9:98:24":5,"s:99:24:99:57":43,"s:101:27:104:6":44,"f:101:43:101:44":6,"s:102:22:102:49":45,"s:103:8:103:37":46,"f:103:25:103:28":7,"s:103:32:103:36":47,"s:106:27:114:6":48,"f:106:47:106:48":8,"s:107:8:111:9":49,"s:107:21:107:22":50,"b:108:12:110:13:undefined:undefined:undefined:undefined":10,"s:108:12:110:13":51,"s:109:16:109:35":52,"s:113:8:113:35":53,"s:116:29:127:6":54,"f:116:48:116:49":9,"b:119:8:124:9:122:13:124:9":11,"s:119:8:124:9":55,"s:120:12:120:98":56,"s:123:12:123:74":57,"s:126:8:126:25":58,"s:129:32:129:62":59,"s:130:4:130:30":60,"f:133:9:133:27":10,"b:135:8:136:24:137:8:138:26:139:8:140:29:141:8:142:31:143:8:144:27:145:8:146:26:147:8:148:29:149:8:150:21":12,"s:134:4:151:5":61,"s:136:12:136:24":62,"s:138:12:138:26":63,"s:140:12:140:29":64,"s:142:12:142:31":65,"s:144:12:144:27":66,"s:146:12:146:26":67,"s:148:12:148:29":68,"s:150:12:150:21":69,"s:154:24:177:1":70,"f:154:24:154:29":11,"s:155:24:155:57":71,"s:158:4:172:5":72,"b:161:8:171:9:undefined:undefined:undefined:undefined":13,"s:161:8:171:9":73,"b:161:12:161:39:161:43:161:62:161:67:161:86:161:90:161:134":14,"s:162:24:162:102":74,"s:163:25:163:58":75,"s:164:33:164:54":76,"b:166:12:170:13:168:19:170:13":15,"s:166:12:170:13":77,"s:167:16:167:35":78,"s:169:16:169:116":79,"s:174:16:174:116":80,"s:175:4:175:39":81,"s:176:4:176:15":82}}}
,"C:\\Users\\steph\\OneDrive\\Documents\\GitHub\\Mod Tracker\\WebApp\\src\\data\\callModrinth.js": {"path":"C:\\Users\\steph\\OneDrive\\Documents\\GitHub\\Mod Tracker\\WebApp\\src\\data\\callModrinth.js","statementMap":{"0":{"start":{"line":1,"column":23},"end":{"line":1,"column":82}},"1":{"start":{"line":2,"column":24},"end":{"line":2,"column":29}},"2":{"start":{"line":5,"column":18},"end":{"line":11,"column":1}},"3":{"start":{"line":6,"column":4},"end":{"line":10,"column":5}},"4":{"start":{"line":7,"column":8},"end":{"line":7,"column":20}},"5":{"start":{"line":9,"column":8},"end":{"line":9,"column":50}},"6":{"start":{"line":13,"column":29},"end":{"line":46,"column":1}},"7":{"start":{"line":15,"column":4},"end":{"line":33,"column":5}},"8":{"start":{"line":16,"column":30},"end":{"line":16,"column":42}},"9":{"start":{"line":17,"column":8},"end":{"line":19,"column":10}},"10":{"start":{"line":18,"column":12},"end":{"line":18,"column":57}},"11":{"start":{"line":21,"column":8},"end":{"line":24,"column":10}},"12":{"start":{"line":26,"column":8},"end":{"line":32,"column":9}},"13":{"start":{"line":27,"column":12},"end":{"line":29,"column":13}},"14":{"start":{"line":31,"column":12},"end":{"line":31,"column":77}},"15":{"start":{"line":35,"column":23},"end":{"line":35,"column":38}},"16":{"start":{"line":36,"column":17},"end":{"line":36,"column":38}},"17":{"start":{"line":38,"column":4},"end":{"line":42,"column":5}},"18":{"start":{"line":39,"column":8},"end":{"line":41,"column":9}},"19":{"start":{"line":44,"column":17},"end":{"line":44,"column":33}},"20":{"start":{"line":45,"column":4},"end":{"line":45,"column":15}},"21":{"start":{"line":48,"column":13},"end":{"line":51,"column":1}},"22":{"start":{"line":49,"column":17},"end":{"line":49,"column":72}},"23":{"start":{"line":50,"column":4},"end":{"line":50,"column":15}},"24":{"start":{"line":53,"column":16},"end":{"line":56,"column":1}},"25":{"start":{"line":54,"column":16},"end":{"line":54,"column":65}},"26":{"start":{"line":55,"column":4},"end":{"line":55,"column":42}},"27":{"start":{"line":58,"column":23},"end":{"line":61,"column":1}},"28":{"start":{"line":59,"column":16},"end":{"line":59,"column":73}},"29":{"start":{"line":60,"column":4},"end":{"line":60,"column":42}},"30":{"start":{"line":63,"column":24},"end":{"line":78,"column":1}},"31":{"start":{"line":64,"column":4},"end":{"line":64,"column":33}},"32":{"start":{"line":65,"column":24},"end":{"line":65,"column":54}},"33":{"start":{"line":67,"column":4},"end":{"line":73,"column":5}},"34":{"start":{"line":68,"column":8},"end":{"line":72,"column":9}},"35":{"start":{"line":69,"column":12},"end":{"line":71,"column":13}},"36":{"start":{"line":70,"column":16},"end":{"line":70,"column":31}},"37":{"start":{"line":75,"column":16},"end":{"line":75,"column":105}},"38":{"start":{"line":76,"column":4},"end":{"line":76,"column":39}},"39":{"start":{"line":77,"column":4},"end":{"line":77,"column":15}}},"fnMap":{"0":{"name":"(anonymous_0)","decl":{"start":{"line":5,"column":18},"end":{"line":5,"column":19}},"loc":{"start":{"line":5,"column":27},"end":{"line":11,"column":1}},"line":5},"1":{"name":"(anonymous_1)","decl":{"start":{"line":13,"column":29},"end":{"line":13,"column":34}},"loc":{"start":{"line":13,"column":68},"end":{"line":46,"column":1}},"line":13},"2":{"name":"(anonymous_2)","decl":{"start":{"line":17,"column":50},"end":{"line":17,"column":51}},"loc":{"start":{"line":17,"column":68},"end":{"line":19,"column":9}},"line":17},"3":{"name":"(anonymous_3)","decl":{"start":{"line":48,"column":13},"end":{"line":48,"column":18}},"loc":{"start":{"line":48,"column":25},"end":{"line":51,"column":1}},"line":48},"4":{"name":"(anonymous_4)","decl":{"start":{"line":53,"column":16},"end":{"line":53,"column":21}},"loc":{"start":{"line":53,"column":36},"end":{"line":56,"column":1}},"line":53},"5":{"name":"(anonymous_5)","decl":{"start":{"line":58,"column":23},"end":{"line":58,"column":28}},"loc":{"start":{"line":58,"column":43},"end":{"line":61,"column":1}},"line":58},"6":{"name":"(anonymous_6)","decl":{"start":{"line":63,"column":24},"end":{"line":63,"column":29}},"loc":{"start":{"line":63,"column":61},"end":{"line":78,"column":1}},"line":63}},"branchMap":{"0":{"loc":{"start":{"line":6,"column":4},"end":{"line":10,"column":5}},"type":"if","locations":[{"start":{"line":6,"column":4},"end":{"line":10,"column":5}},{"start":{"line":8,"column":11},"end":{"line":10,"column":5}}],"line":6},"1":{"loc":{"start":{"line":13,"column":41},"end":{"line":13,"column":63}},"type":"default-arg","locations":[{"start":{"line":13,"column":61},"end":{"line":13,"column":63}}],"line":13},"2":{"loc":{"start":{"line":26,"column":8},"end":{"line":32,"column":9}},"type":"if","locations":[{"start":{"line":26,"column":8},"end":{"line":32,"column":9}},{"start":{"line":30,"column":15},"end":{"line":32,"column":9}}],"line":26},"3":{"loc":{"start":{"line":38,"column":4},"end":{"line":42,"column":5}},"type":"if","locations":[{"start":{"line":38,"column":4},"end":{"line":42,"column":5}},{"start":{},"end":{}}],"line":38},"4":{"loc":{"start":{"line":68,"column":8},"end":{"line":72,"column":9}},"type":"if","locations":[{"start":{"line":68,"column":8},"end":{"line":72,"column":9}},{"start":{},"end":{}}],"line":68},"5":{"loc":{"start":{"line":68,"column":12},"end":{"line":68,"column":79}},"type":"binary-expr","locations":[{"start":{"line":68,"column":12},"end":{"line":68,"column":40}},{"start":{"line":68,"column":44},"end":{"line":68,"column":79}}],"line":68}},"s":{"0":7,"1":7,"2":7,"3":436,"4":2,"5":434,"6":7,"7":123,"8":123,"9":123,"10":0,"11":123,"12":0,"13":0,"14":0,"15":118,"16":118,"17":115,"18":0,"19":115,"20":115,"21":7,"22":1,"23":1,"24":7,"25":61,"26":61,"27":7,"28":61,"29":61,"30":7,"31":60,"32":60,"33":57,"34":4644,"35":47,"36":47,"37":10,"38":10,"39":10},"f":{"0":436,"1":123,"2":0,"3":1,"4":61,"5":61,"6":60},"b":{"0":[2,434],"1":[123],"2":[0,0],"3":[0,115],"4":[47,4597],"5":[4644,1594]},"meta":{"lastBranch":6,"lastFunction":7,"lastStatement":40,"seen":{"s:1:23:1:82":0,"s:2:24:2:29":1,"s:5:18:11:1":2,"f:5:18:5:19":0,"b:6:4:10:5:8:11:10:5":0,"s:6:4:10:5":3,"s:7:8:7:20":4,"s:9:8:9:50":5,"s:13:29:46:1":6,"f:13:29:13:34":1,"b:13:61:13:63":1,"s:15:4:33:5":7,"s:16:30:16:42":8,"s:17:8:19:10":9,"f:17:50:17:51":2,"s:18:12:18:57":10,"s:21:8:24:10":11,"b:26:8:32:9:30:15:32:9":2,"s:26:8:32:9":12,"s:27:12:29:13":13,"s:31:12:31:77":14,"s:35:23:35:38":15,"s:36:17:36:38":16,"b:38:4:42:5:undefined:undefined:undefined:undefined":3,"s:38:4:42:5":17,"s:39:8:41:9":18,"s:44:17:44:33":19,"s:45:4:45:15":20,"s:48:13:51:1":21,"f:48:13:48:18":3,"s:49:17:49:72":22,"s:50:4:50:15":23,"s:53:16:56:1":24,"f:53:16:53:21":4,"s:54:16:54:65":25,"s:55:4:55:42":26,"s:58:23:61:1":27,"f:58:23:58:28":5,"s:59:16:59:73":28,"s:60:4:60:42":29,"s:63:24:78:1":30,"f:63:24:63:29":6,"s:64:4:64:33":31,"s:65:24:65:54":32,"s:67:4:73:5":33,"b:68:8:72:9:undefined:undefined:undefined:undefined":4,"s:68:8:72:9":34,"b:68:12:68:40:68:44:68:79":5,"s:69:12:71:13":35,"s:70:16:70:31":36,"s:75:16:75:105":37,"s:76:4:76:39":38,"s:77:4:77:15":39}}}
,"C:\\Users\\steph\\OneDrive\\Documents\\GitHub\\Mod Tracker\\WebApp\\src\\data\\loadFromJson.js": {"path":"C:\\Users\\steph\\OneDrive\\Documents\\GitHub\\Mod Tracker\\WebApp\\src\\data\\loadFromJson.js","statementMap":{"0":{"start":{"line":6,"column":4},"end":{"line":10,"column":5}},"1":{"start":{"line":7,"column":20},"end":{"line":7,"column":94}},"2":{"start":{"line":8,"column":8},"end":{"line":8,"column":42}},"3":{"start":{"line":9,"column":8},"end":{"line":9,"column":19}},"4":{"start":{"line":12,"column":4},"end":{"line":17,"column":5}},"5":{"start":{"line":22,"column":28},"end":{"line":22,"column":30}},"6":{"start":{"line":24,"column":4},"end":{"line":27,"column":5}},"7":{"start":{"line":25,"column":28},"end":{"line":25,"column":49}},"8":{"start":{"line":26,"column":8},"end":{"line":26,"column":41}},"9":{"start":{"line":29,"column":4},"end":{"line":29,"column":26}},"10":{"start":{"line":34,"column":4},"end":{"line":42,"column":5}},"11":{"start":{"line":35,"column":20},"end":{"line":35,"column":87}},"12":{"start":{"line":36,"column":8},"end":{"line":36,"column":41}},"13":{"start":{"line":37,"column":8},"end":{"line":37,"column":19}},"14":{"start":{"line":38,"column":11},"end":{"line":42,"column":5}},"15":{"start":{"line":39,"column":20},"end":{"line":39,"column":89}},"16":{"start":{"line":40,"column":8},"end":{"line":40,"column":37}},"17":{"start":{"line":41,"column":8},"end":{"line":41,"column":19}},"18":{"start":{"line":44,"column":26},"end":{"line":44,"column":55}},"19":{"start":{"line":46,"column":4},"end":{"line":53,"column":5}},"20":{"start":{"line":58,"column":4},"end":{"line":70,"column":5}},"21":{"start":{"line":59,"column":20},"end":{"line":59,"column":91}},"22":{"start":{"line":60,"column":8},"end":{"line":60,"column":45}},"23":{"start":{"line":61,"column":8},"end":{"line":61,"column":19}},"24":{"start":{"line":62,"column":11},"end":{"line":70,"column":5}},"25":{"start":{"line":63,"column":20},"end":{"line":63,"column":99}},"26":{"start":{"line":64,"column":8},"end":{"line":64,"column":48}},"27":{"start":{"line":65,"column":8},"end":{"line":65,"column":19}},"28":{"start":{"line":66,"column":11},"end":{"line":70,"column":5}},"29":{"start":{"line":67,"column":20},"end":{"line":67,"column":93}},"30":{"start":{"line":68,"column":8},"end":{"line":68,"column":41}},"31":{"start":{"line":69,"column":8},"end":{"line":69,"column":19}},"32":{"start":{"line":72,"column":23},"end":{"line":72,"column":25}},"33":{"start":{"line":74,"column":4},"end":{"line":80,"column":5}},"34":{"start":{"line":75,"column":23},"end":{"line":75,"column":39}},"35":{"start":{"line":77,"column":8},"end":{"line":79,"column":9}},"36":{"start":{"line":78,"column":12},"end":{"line":78,"column":35}},"37":{"start":{"line":82,"column":4},"end":{"line":82,"column":67}},"38":{"start":{"line":87,"column":27},"end":{"line":87,"column":29}},"39":{"start":{"line":89,"column":4},"end":{"line":92,"column":5}},"40":{"start":{"line":90,"column":24},"end":{"line":90,"column":64}},"41":{"start":{"line":91,"column":8},"end":{"line":91,"column":36}},"42":{"start":{"line":94,"column":4},"end":{"line":94,"column":25}},"43":{"start":{"line":99,"column":4},"end":{"line":107,"column":5}},"44":{"start":{"line":100,"column":20},"end":{"line":100,"column":99}},"45":{"start":{"line":101,"column":8},"end":{"line":101,"column":45}},"46":{"start":{"line":102,"column":8},"end":{"line":102,"column":19}},"47":{"start":{"line":103,"column":11},"end":{"line":107,"column":5}},"48":{"start":{"line":104,"column":20},"end":{"line":104,"column":101}},"49":{"start":{"line":105,"column":8},"end":{"line":105,"column":41}},"50":{"start":{"line":106,"column":8},"end":{"line":106,"column":19}},"51":{"start":{"line":109,"column":24},"end":{"line":109,"column":59}},"52":{"start":{"line":110,"column":25},"end":{"line":110,"column":62}},"53":{"start":{"line":112,"column":4},"end":{"line":112,"column":64}}},"fnMap":{"0":{"name":"createPriority","decl":{"start":{"line":5,"column":9},"end":{"line":5,"column":23}},"loc":{"start":{"line":5,"column":30},"end":{"line":18,"column":1}},"line":5},"1":{"name":"createPriorityList","decl":{"start":{"line":21,"column":9},"end":{"line":21,"column":27}},"loc":{"start":{"line":21,"column":38},"end":{"line":30,"column":1}},"line":21},"2":{"name":"createMod","decl":{"start":{"line":33,"column":9},"end":{"line":33,"column":18}},"loc":{"start":{"line":33,"column":25},"end":{"line":54,"column":1}},"line":33},"3":{"name":"createProfile","decl":{"start":{"line":57,"column":9},"end":{"line":57,"column":22}},"loc":{"start":{"line":57,"column":56},"end":{"line":83,"column":1}},"line":57},"4":{"name":"createProfileList","decl":{"start":{"line":86,"column":9},"end":{"line":86,"column":26}},"loc":{"start":{"line":86,"column":64},"end":{"line":95,"column":1}},"line":86},"5":{"name":"createProfileManager","decl":{"start":{"line":98,"column":9},"end":{"line":98,"column":29}},"loc":{"start":{"line":98,"column":36},"end":{"line":113,"column":1}},"line":98}},"branchMap":{"0":{"loc":{"start":{"line":6,"column":4},"end":{"line":10,"column":5}},"type":"if","locations":[{"start":{"line":6,"column":4},"end":{"line":10,"column":5}},{"start":{},"end":{}}],"line":6},"1":{"loc":{"start":{"line":6,"column":8},"end":{"line":6,"column":60}},"type":"binary-expr","locations":[{"start":{"line":6,"column":8},"end":{"line":6,"column":26}},{"start":{"line":6,"column":30},"end":{"line":6,"column":60}}],"line":6},"2":{"loc":{"start":{"line":34,"column":4},"end":{"line":42,"column":5}},"type":"if","locations":[{"start":{"line":34,"column":4},"end":{"line":42,"column":5}},{"start":{"line":38,"column":11},"end":{"line":42,"column":5}}],"line":34},"3":{"loc":{"start":{"line":38,"column":11},"end":{"line":42,"column":5}},"type":"if","locations":[{"start":{"line":38,"column":11},"end":{"line":42,"column":5}},{"start":{},"end":{}}],"line":38},"4":{"loc":{"start":{"line":57,"column":29},"end":{"line":57,"column":54}},"type":"default-arg","locations":[{"start":{"line":57,"column":50},"end":{"line":57,"column":54}}],"line":57},"5":{"loc":{"start":{"line":58,"column":4},"end":{"line":70,"column":5}},"type":"if","locations":[{"start":{"line":58,"column":4},"end":{"line":70,"column":5}},{"start":{"line":62,"column":11},"end":{"line":70,"column":5}}],"line":58},"6":{"loc":{"start":{"line":62,"column":11},"end":{"line":70,"column":5}},"type":"if","locations":[{"start":{"line":62,"column":11},"end":{"line":70,"column":5}},{"start":{"line":66,"column":11},"end":{"line":70,"column":5}}],"line":62},"7":{"loc":{"start":{"line":66,"column":11},"end":{"line":70,"column":5}},"type":"if","locations":[{"start":{"line":66,"column":11},"end":{"line":70,"column":5}},{"start":{},"end":{}}],"line":66},"8":{"loc":{"start":{"line":77,"column":8},"end":{"line":79,"column":9}},"type":"if","locations":[{"start":{"line":77,"column":8},"end":{"line":79,"column":9}},{"start":{},"end":{}}],"line":77},"9":{"loc":{"start":{"line":77,"column":12},"end":{"line":77,"column":53}},"type":"binary-expr","locations":[{"start":{"line":77,"column":12},"end":{"line":77,"column":31}},{"start":{"line":77,"column":35},"end":{"line":77,"column":53}}],"line":77},"10":{"loc":{"start":{"line":86,"column":37},"end":{"line":86,"column":62}},"type":"default-arg","locations":[{"start":{"line":86,"column":58},"end":{"line":86,"column":62}}],"line":86},"11":{"loc":{"start":{"line":99,"column":4},"end":{"line":107,"column":5}},"type":"if","locations":[{"start":{"line":99,"column":4},"end":{"line":107,"column":5}},{"start":{"line":103,"column":11},"end":{"line":107,"column":5}}],"line":99},"12":{"loc":{"start":{"line":103,"column":11},"end":{"line":107,"column":5}},"type":"if","locations":[{"start":{"line":103,"column":11},"end":{"line":107,"column":5}},{"start":{},"end":{}}],"line":103}},"s":{"0":28,"1":0,"2":0,"3":0,"4":28,"5":2,"6":2,"7":2,"8":2,"9":2,"10":26,"11":0,"12":0,"13":0,"14":26,"15":0,"16":0,"17":0,"18":26,"19":26,"20":8,"21":0,"22":0,"23":0,"24":8,"25":1,"26":1,"27":1,"28":7,"29":0,"30":0,"31":0,"32":7,"33":7,"34":20,"35":20,"36":18,"37":7,"38":2,"39":2,"40":2,"41":2,"42":2,"43":3,"44":0,"45":0,"46":0,"47":3,"48":1,"49":1,"50":1,"51":2,"52":2,"53":2},"f":{"0":28,"1":2,"2":26,"3":8,"4":2,"5":3},"b":{"0":[0,28],"1":[28,15],"2":[0,26],"3":[0,26],"4":[8],"5":[0,8],"6":[1,7],"7":[0,7],"8":[18,2],"9":[20,16],"10":[2],"11":[0,3],"12":[1,2]},"meta":{"lastBranch":13,"lastFunction":6,"lastStatement":54,"seen":{"f:5:9:5:23":0,"b:6:4:10:5:undefined:undefined:undefined:undefined":0,"s:6:4:10:5":0,"b:6:8:6:26:6:30:6:60":1,"s:7:20:7:94":1,"s:8:8:8:42":2,"s:9:8:9:19":3,"s:12:4:17:5":4,"f:21:9:21:27":1,"s:22:28:22:30":5,"s:24:4:27:5":6,"s:25:28:25:49":7,"s:26:8:26:41":8,"s:29:4:29:26":9,"f:33:9:33:18":2,"b:34:4:42:5:38:11:42:5":2,"s:34:4:42:5":10,"s:35:20:35:87":11,"s:36:8:36:41":12,"s:37:8:37:19":13,"b:38:11:42:5:undefined:undefined:undefined:undefined":3,"s:38:11:42:5":14,"s:39:20:39:89":15,"s:40:8:40:37":16,"s:41:8:41:19":17,"s:44:26:44:55":18,"s:46:4:53:5":19,"f:57:9:57:22":3,"b:57:50:57:54":4,"b:58:4:70:5:62:11:70:5":5,"s:58:4:70:5":20,"s:59:20:59:91":21,"s:60:8:60:45":22,"s:61:8:61:19":23,"b:62:11:70:5:66:11:70:5":6,"s:62:11:70:5":24,"s:63:20:63:99":25,"s:64:8:64:48":26,"s:65:8:65:19":27,"b:66:11:70:5:undefined:undefined:undefined:undefined":7,"s:66:11:70:5":28,"s:67:20:67:93":29,"s:68:8:68:41":30,"s:69:8:69:19":31,"s:72:23:72:25":32,"s:74:4:80:5":33,"s:75:23:75:39":34,"b:77:8:79:9:undefined:undefined:undefined:undefined":8,"s:77:8:79:9":35,"b:77:12:77:31:77:35:77:53":9,"s:78:12:78:35":36,"s:82:4:82:67":37,"f:86:9:86:26":4,"b:86:58:86:62":10,"s:87:27:87:29":38,"s:89:4:92:5":39,"s:90:24:90:64":40,"s:91:8:91:36":41,"s:94:4:94:25":42,"f:98:9:98:29":5,"b:99:4:107:5:103:11:107:5":11,"s:99:4:107:5":43,"s:100:20:100:99":44,"s:101:8:101:45":45,"s:102:8:102:19":46,"b:103:11:107:5:undefined:undefined:undefined:undefined":12,"s:103:11:107:5":47,"s:104:20:104:101":48,"s:105:8:105:41":49,"s:106:8:106:19":50,"s:109:24:109:59":51,"s:110:25:110:62":52,"s:112:4:112:64":53}}}
,"C:\\Users\\steph\\OneDrive\\Documents\\GitHub\\Mod Tracker\\WebApp\\src\\data\\mod.js": {"path":"C:\\Users\\steph\\OneDrive\\Documents\\GitHub\\Mod Tracker\\WebApp\\src\\data\\mod.js","statementMap":{"0":{"start":{"line":5,"column":11},"end":{"line":5,"column":31}},"1":{"start":{"line":6,"column":8},"end":{"line":6,"column":11}},"2":{"start":{"line":7,"column":8},"end":{"line":7,"column":11}},"3":{"start":{"line":8,"column":8},"end":{"line":8,"column":11}},"4":{"start":{"line":11,"column":8},"end":{"line":11,"column":27}},"5":{"start":{"line":12,"column":8},"end":{"line":12,"column":20}},"6":{"start":{"line":13,"column":8},"end":{"line":13,"column":22}},"7":{"start":{"line":14,"column":8},"end":{"line":14,"column":21}},"8":{"start":{"line":18,"column":8},"end":{"line":23,"column":9}},"9":{"start":{"line":27,"column":8},"end":{"line":27,"column":29}},"10":{"start":{"line":31,"column":8},"end":{"line":31,"column":134}},"11":{"start":{"line":35,"column":8},"end":{"line":35,"column":48}},"12":{"start":{"line":40,"column":15},"end":{"line":40,"column":29}},"13":{"start":{"line":41,"column":20},"end":{"line":41,"column":22}},"14":{"start":{"line":43,"column":12},"end":{"line":43,"column":26}},"15":{"start":{"line":44,"column":10},"end":{"line":44,"column":12}},"16":{"start":{"line":45,"column":11},"end":{"line":45,"column":15}},"17":{"start":{"line":46,"column":16},"end":{"line":46,"column":37}},"18":{"start":{"line":48,"column":20},"end":{"line":48,"column":24}},"19":{"start":{"line":49,"column":22},"end":{"line":49,"column":26}},"20":{"start":{"line":61,"column":8},"end":{"line":61,"column":35}},"21":{"start":{"line":62,"column":8},"end":{"line":62,"column":42}},"22":{"start":{"line":64,"column":8},"end":{"line":64,"column":28}},"23":{"start":{"line":65,"column":8},"end":{"line":65,"column":24}},"24":{"start":{"line":66,"column":8},"end":{"line":66,"column":23}},"25":{"start":{"line":67,"column":8},"end":{"line":67,"column":36}},"26":{"start":{"line":68,"column":8},"end":{"line":68,"column":41}},"27":{"start":{"line":69,"column":8},"end":{"line":69,"column":45}},"28":{"start":{"line":71,"column":8},"end":{"line":75,"column":9}},"29":{"start":{"line":72,"column":12},"end":{"line":72,"column":35}},"30":{"start":{"line":73,"column":15},"end":{"line":75,"column":9}},"31":{"start":{"line":74,"column":12},"end":{"line":74,"column":37}},"32":{"start":{"line":79,"column":8},"end":{"line":79,"column":103}},"33":{"start":{"line":83,"column":8},"end":{"line":87,"column":9}},"34":{"start":{"line":84,"column":12},"end":{"line":84,"column":59}},"35":{"start":{"line":86,"column":12},"end":{"line":86,"column":43}},"36":{"start":{"line":91,"column":8},"end":{"line":96,"column":9}},"37":{"start":{"line":92,"column":12},"end":{"line":94,"column":13}},"38":{"start":{"line":93,"column":16},"end":{"line":93,"column":58}},"39":{"start":{"line":95,"column":12},"end":{"line":95,"column":24}},"40":{"start":{"line":98,"column":12},"end":{"line":101,"column":78}},"41":{"start":{"line":104,"column":8},"end":{"line":110,"column":9}},"42":{"start":{"line":105,"column":12},"end":{"line":109,"column":103}},"43":{"start":{"line":111,"column":8},"end":{"line":111,"column":21}},"44":{"start":{"line":115,"column":16},"end":{"line":115,"column":33}},"45":{"start":{"line":117,"column":14},"end":{"line":117,"column":29}},"46":{"start":{"line":119,"column":26},"end":{"line":119,"column":74}},"47":{"start":{"line":121,"column":23},"end":{"line":121,"column":44}},"48":{"start":{"line":122,"column":20},"end":{"line":122,"column":41}},"49":{"start":{"line":124,"column":15},"end":{"line":124,"column":31}},"50":{"start":{"line":126,"column":24},"end":{"line":126,"column":49}},"51":{"start":{"line":128,"column":26},"end":{"line":128,"column":53}},"52":{"start":{"line":130,"column":25},"end":{"line":130,"column":50}},"53":{"start":{"line":132,"column":18},"end":{"line":132,"column":83}},"54":{"start":{"line":135,"column":27},"end":{"line":135,"column":60}},"55":{"start":{"line":136,"column":25},"end":{"line":136,"column":60}},"56":{"start":{"line":137,"column":8},"end":{"line":137,"column":37}},"57":{"start":{"line":141,"column":8},"end":{"line":141,"column":30}},"58":{"start":{"line":143,"column":8},"end":{"line":155,"column":9}},"59":{"start":{"line":144,"column":12},"end":{"line":148,"column":13}},"60":{"start":{"line":145,"column":16},"end":{"line":145,"column":39}},"61":{"start":{"line":146,"column":19},"end":{"line":148,"column":13}},"62":{"start":{"line":147,"column":16},"end":{"line":147,"column":41}},"63":{"start":{"line":149,"column":15},"end":{"line":155,"column":9}},"64":{"start":{"line":150,"column":12},"end":{"line":154,"column":13}},"65":{"start":{"line":151,"column":16},"end":{"line":151,"column":41}},"66":{"start":{"line":152,"column":19},"end":{"line":154,"column":13}},"67":{"start":{"line":153,"column":16},"end":{"line":153,"column":39}},"68":{"start":{"line":159,"column":8},"end":{"line":163,"column":9}},"69":{"start":{"line":160,"column":24},"end":{"line":160,"column":129}},"70":{"start":{"line":161,"column":12},"end":{"line":161,"column":59}},"71":{"start":{"line":162,"column":12},"end":{"line":162,"column":23}},"72":{"start":{"line":166,"column":8},"end":{"line":175,"column":9}},"73":{"start":{"line":167,"column":29},"end":{"line":167,"column":74}},"74":{"start":{"line":168,"column":12},"end":{"line":168,"column":88}},"75":{"start":{"line":169,"column":15},"end":{"line":175,"column":9}},"76":{"start":{"line":170,"column":12},"end":{"line":170,"column":102}},"77":{"start":{"line":172,"column":24},"end":{"line":172,"column":135}},"78":{"start":{"line":173,"column":12},"end":{"line":173,"column":39}},"79":{"start":{"line":174,"column":12},"end":{"line":174,"column":23}},"80":{"start":{"line":177,"column":8},"end":{"line":179,"column":9}},"81":{"start":{"line":178,"column":12},"end":{"line":178,"column":77}},"82":{"start":{"line":180,"column":8},"end":{"line":180,"column":27}},"83":{"start":{"line":184,"column":8},"end":{"line":191,"column":9}},"84":{"start":{"line":195,"column":25},"end":{"line":195,"column":70}},"85":{"start":{"line":197,"column":8},"end":{"line":201,"column":9}},"86":{"start":{"line":198,"column":24},"end":{"line":198,"column":116}},"87":{"start":{"line":199,"column":12},"end":{"line":199,"column":38}},"88":{"start":{"line":200,"column":12},"end":{"line":200,"column":23}},"89":{"start":{"line":203,"column":8},"end":{"line":205,"column":9}},"90":{"start":{"line":204,"column":12},"end":{"line":204,"column":69}},"91":{"start":{"line":207,"column":8},"end":{"line":209,"column":9}},"92":{"start":{"line":208,"column":12},"end":{"line":208,"column":73}},"93":{"start":{"line":213,"column":8},"end":{"line":215,"column":9}},"94":{"start":{"line":214,"column":12},"end":{"line":214,"column":23}},"95":{"start":{"line":217,"column":8},"end":{"line":217,"column":45}},"96":{"start":{"line":218,"column":8},"end":{"line":218,"column":40}},"97":{"start":{"line":219,"column":8},"end":{"line":219,"column":57}},"98":{"start":{"line":223,"column":8},"end":{"line":225,"column":9}},"99":{"start":{"line":224,"column":12},"end":{"line":224,"column":23}},"100":{"start":{"line":227,"column":8},"end":{"line":227,"column":46}},"101":{"start":{"line":228,"column":8},"end":{"line":228,"column":42}},"102":{"start":{"line":229,"column":8},"end":{"line":229,"column":77}},"103":{"start":{"line":230,"column":8},"end":{"line":232,"column":9}},"104":{"start":{"line":231,"column":12},"end":{"line":231,"column":61}}},"fnMap":{"0":{"name":"(anonymous_0)","decl":{"start":{"line":10,"column":4},"end":{"line":10,"column":15}},"loc":{"start":{"line":10,"column":84},"end":{"line":15,"column":5}},"line":10},"1":{"name":"(anonymous_1)","decl":{"start":{"line":17,"column":4},"end":{"line":17,"column":14}},"loc":{"start":{"line":17,"column":17},"end":{"line":24,"column":5}},"line":17},"2":{"name":"(anonymous_2)","decl":{"start":{"line":26,"column":4},"end":{"line":26,"column":12}},"loc":{"start":{"line":26,"column":15},"end":{"line":28,"column":5}},"line":26},"3":{"name":"(anonymous_3)","decl":{"start":{"line":30,"column":4},"end":{"line":30,"column":10}},"loc":{"start":{"line":30,"column":18},"end":{"line":32,"column":5}},"line":30},"4":{"name":"(anonymous_4)","decl":{"start":{"line":34,"column":4},"end":{"line":34,"column":8}},"loc":{"start":{"line":34,"column":11},"end":{"line":36,"column":5}},"line":34},"5":{"name":"(anonymous_5)","decl":{"start":{"line":51,"column":4},"end":{"line":51,"column":15}},"loc":{"start":{"line":60,"column":6},"end":{"line":76,"column":5}},"line":60},"6":{"name":"(anonymous_6)","decl":{"start":{"line":78,"column":4},"end":{"line":78,"column":12}},"loc":{"start":{"line":78,"column":15},"end":{"line":80,"column":5}},"line":78},"7":{"name":"(anonymous_7)","decl":{"start":{"line":82,"column":4},"end":{"line":82,"column":12}},"loc":{"start":{"line":82,"column":20},"end":{"line":88,"column":5}},"line":82},"8":{"name":"(anonymous_8)","decl":{"start":{"line":90,"column":4},"end":{"line":90,"column":10}},"loc":{"start":{"line":90,"column":39},"end":{"line":112,"column":5}},"line":90},"9":{"name":"(anonymous_9)","decl":{"start":{"line":115,"column":4},"end":{"line":115,"column":11}},"loc":{"start":{"line":115,"column":14},"end":{"line":115,"column":35}},"line":115},"10":{"name":"(anonymous_10)","decl":{"start":{"line":117,"column":4},"end":{"line":117,"column":9}},"loc":{"start":{"line":117,"column":12},"end":{"line":117,"column":31}},"line":117},"11":{"name":"(anonymous_11)","decl":{"start":{"line":119,"column":4},"end":{"line":119,"column":21}},"loc":{"start":{"line":119,"column":24},"end":{"line":119,"column":76}},"line":119},"12":{"name":"(anonymous_12)","decl":{"start":{"line":121,"column":4},"end":{"line":121,"column":18}},"loc":{"start":{"line":121,"column":21},"end":{"line":121,"column":46}},"line":121},"13":{"name":"(anonymous_13)","decl":{"start":{"line":122,"column":4},"end":{"line":122,"column":15}},"loc":{"start":{"line":122,"column":18},"end":{"line":122,"column":43}},"line":122},"14":{"name":"(anonymous_14)","decl":{"start":{"line":124,"column":4},"end":{"line":124,"column":10}},"loc":{"start":{"line":124,"column":13},"end":{"line":124,"column":33}},"line":124},"15":{"name":"(anonymous_15)","decl":{"start":{"line":126,"column":4},"end":{"line":126,"column":19}},"loc":{"start":{"line":126,"column":22},"end":{"line":126,"column":51}},"line":126},"16":{"name":"(anonymous_16)","decl":{"start":{"line":128,"column":4},"end":{"line":128,"column":21}},"loc":{"start":{"line":128,"column":24},"end":{"line":128,"column":55}},"line":128},"17":{"name":"(anonymous_17)","decl":{"start":{"line":130,"column":4},"end":{"line":130,"column":20}},"loc":{"start":{"line":130,"column":23},"end":{"line":130,"column":52}},"line":130},"18":{"name":"(anonymous_18)","decl":{"start":{"line":132,"column":4},"end":{"line":132,"column":13}},"loc":{"start":{"line":132,"column":16},"end":{"line":132,"column":85}},"line":132},"19":{"name":"(anonymous_19)","decl":{"start":{"line":134,"column":4},"end":{"line":134,"column":13}},"loc":{"start":{"line":134,"column":16},"end":{"line":138,"column":5}},"line":134},"20":{"name":"(anonymous_20)","decl":{"start":{"line":140,"column":10},"end":{"line":140,"column":17}},"loc":{"start":{"line":140,"column":20},"end":{"line":156,"column":5}},"line":140},"21":{"name":"(anonymous_21)","decl":{"start":{"line":158,"column":10},"end":{"line":158,"column":25}},"loc":{"start":{"line":158,"column":43},"end":{"line":181,"column":5}},"line":158},"22":{"name":"(anonymous_22)","decl":{"start":{"line":183,"column":4},"end":{"line":183,"column":14}},"loc":{"start":{"line":183,"column":17},"end":{"line":192,"column":5}},"line":183},"23":{"name":"(anonymous_23)","decl":{"start":{"line":194,"column":10},"end":{"line":194,"column":19}},"loc":{"start":{"line":194,"column":22},"end":{"line":210,"column":5}},"line":194},"24":{"name":"(anonymous_24)","decl":{"start":{"line":212,"column":4},"end":{"line":212,"column":20}},"loc":{"start":{"line":212,"column":23},"end":{"line":220,"column":5}},"line":212},"25":{"name":"(anonymous_25)","decl":{"start":{"line":222,"column":4},"end":{"line":222,"column":22}},"loc":{"start":{"line":222,"column":25},"end":{"line":233,"column":5}},"line":222}},"branchMap":{"0":{"loc":{"start":{"line":10,"column":16},"end":{"line":10,"column":46}},"type":"default-arg","locations":[{"start":{"line":10,"column":26},"end":{"line":10,"column":46}}],"line":10},"1":{"loc":{"start":{"line":10,"column":48},"end":{"line":10,"column":57}},"type":"default-arg","locations":[{"start":{"line":10,"column":54},"end":{"line":10,"column":57}}],"line":10},"2":{"loc":{"start":{"line":10,"column":59},"end":{"line":10,"column":70}},"type":"default-arg","locations":[{"start":{"line":10,"column":67},"end":{"line":10,"column":70}}],"line":10},"3":{"loc":{"start":{"line":10,"column":72},"end":{"line":10,"column":82}},"type":"default-arg","locations":[{"start":{"line":10,"column":79},"end":{"line":10,"column":82}}],"line":10},"4":{"loc":{"start":{"line":31,"column":15},"end":{"line":31,"column":134}},"type":"binary-expr","locations":[{"start":{"line":31,"column":15},"end":{"line":31,"column":40}},{"start":{"line":31,"column":44},"end":{"line":31,"column":68}},{"start":{"line":31,"column":72},"end":{"line":31,"column":90}},{"start":{"line":31,"column":94},"end":{"line":31,"column":112}},{"start":{"line":31,"column":116},"end":{"line":31,"column":134}}],"line":31},"5":{"loc":{"start":{"line":52,"column":8},"end":{"line":52,"column":18}},"type":"default-arg","locations":[{"start":{"line":52,"column":14},"end":{"line":52,"column":18}}],"line":52},"6":{"loc":{"start":{"line":53,"column":8},"end":{"line":53,"column":36}},"type":"default-arg","locations":[{"start":{"line":53,"column":22},"end":{"line":53,"column":36}}],"line":53},"7":{"loc":{"start":{"line":54,"column":8},"end":{"line":54,"column":26}},"type":"default-arg","locations":[{"start":{"line":54,"column":24},"end":{"line":54,"column":26}}],"line":54},"8":{"loc":{"start":{"line":55,"column":8},"end":{"line":55,"column":32}},"type":"default-arg","locations":[{"start":{"line":55,"column":18},"end":{"line":55,"column":32}}],"line":55},"9":{"loc":{"start":{"line":56,"column":8},"end":{"line":56,"column":18}},"type":"default-arg","locations":[{"start":{"line":56,"column":16},"end":{"line":56,"column":18}}],"line":56},"10":{"loc":{"start":{"line":57,"column":8},"end":{"line":57,"column":43}},"type":"default-arg","locations":[{"start":{"line":57,"column":22},"end":{"line":57,"column":43}}],"line":57},"11":{"loc":{"start":{"line":58,"column":8},"end":{"line":58,"column":27}},"type":"default-arg","locations":[{"start":{"line":58,"column":23},"end":{"line":58,"column":27}}],"line":58},"12":{"loc":{"start":{"line":59,"column":8},"end":{"line":59,"column":29}},"type":"default-arg","locations":[{"start":{"line":59,"column":25},"end":{"line":59,"column":29}}],"line":59},"13":{"loc":{"start":{"line":71,"column":8},"end":{"line":75,"column":9}},"type":"if","locations":[{"start":{"line":71,"column":8},"end":{"line":75,"column":9}},{"start":{"line":73,"column":15},"end":{"line":75,"column":9}}],"line":71},"14":{"loc":{"start":{"line":73,"column":15},"end":{"line":75,"column":9}},"type":"if","locations":[{"start":{"line":73,"column":15},"end":{"line":75,"column":9}},{"start":{},"end":{}}],"line":73},"15":{"loc":{"start":{"line":83,"column":8},"end":{"line":87,"column":9}},"type":"if","locations":[{"start":{"line":83,"column":8},"end":{"line":87,"column":9}},{"start":{"line":85,"column":15},"end":{"line":87,"column":9}}],"line":83},"16":{"loc":{"start":{"line":83,"column":12},"end":{"line":83,"column":61}},"type":"binary-expr","locations":[{"start":{"line":83,"column":12},"end":{"line":83,"column":34}},{"start":{"line":83,"column":38},"end":{"line":83,"column":61}}],"line":83},"17":{"loc":{"start":{"line":90,"column":18},"end":{"line":90,"column":37}},"type":"default-arg","locations":[{"start":{"line":90,"column":32},"end":{"line":90,"column":37}}],"line":90},"18":{"loc":{"start":{"line":91,"column":8},"end":{"line":96,"column":9}},"type":"if","locations":[{"start":{"line":91,"column":8},"end":{"line":96,"column":9}},{"start":{},"end":{}}],"line":91},"19":{"loc":{"start":{"line":92,"column":12},"end":{"line":94,"column":13}},"type":"if","locations":[{"start":{"line":92,"column":12},"end":{"line":94,"column":13}},{"start":{},"end":{}}],"line":92},"20":{"loc":{"start":{"line":98,"column":12},"end":{"line":101,"column":78}},"type":"binary-expr","locations":[{"start":{"line":98,"column":12},"end":{"line":98,"column":38}},{"start":{"line":99,"column":12},"end":{"line":99,"column":34}},{"start":{"line":100,"column":12},"end":{"line":100,"column":36}},{"start":{"line":101,"column":12},"end":{"line":101,"column":78}}],"line":98},"21":{"loc":{"start":{"line":104,"column":8},"end":{"line":110,"column":9}},"type":"if","locations":[{"start":{"line":104,"column":8},"end":{"line":110,"column":9}},{"start":{},"end":{}}],"line":104},"22":{"loc":{"start":{"line":132,"column":25},"end":{"line":132,"column":83}},"type":"binary-expr","locations":[{"start":{"line":132,"column":25},"end":{"line":132,"column":51}},{"start":{"line":132,"column":55},"end":{"line":132,"column":83}}],"line":132},"23":{"loc":{"start":{"line":137,"column":15},"end":{"line":137,"column":37}},"type":"binary-expr","locations":[{"start":{"line":137,"column":15},"end":{"line":137,"column":23}},{"start":{"line":137,"column":27},"end":{"line":137,"column":37}}],"line":137},"24":{"loc":{"start":{"line":143,"column":8},"end":{"line":155,"column":9}},"type":"if","locations":[{"start":{"line":143,"column":8},"end":{"line":155,"column":9}},{"start":{"line":149,"column":15},"end":{"line":155,"column":9}}],"line":143},"25":{"loc":{"start":{"line":144,"column":12},"end":{"line":148,"column":13}},"type":"if","locations":[{"start":{"line":144,"column":12},"end":{"line":148,"column":13}},{"start":{"line":146,"column":19},"end":{"line":148,"column":13}}],"line":144},"26":{"loc":{"start":{"line":146,"column":19},"end":{"line":148,"column":13}},"type":"if","locations":[{"start":{"line":146,"column":19},"end":{"line":148,"column":13}},{"start":{},"end":{}}],"line":146},"27":{"loc":{"start":{"line":149,"column":15},"end":{"line":155,"column":9}},"type":"if","locations":[{"start":{"line":149,"column":15},"end":{"line":155,"column":9}},{"start":{},"end":{}}],"line":149},"28":{"loc":{"start":{"line":150,"column":12},"end":{"line":154,"column":13}},"type":"if","locations":[{"start":{"line":150,"column":12},"end":{"line":154,"column":13}},{"start":{"line":152,"column":19},"end":{"line":154,"column":13}}],"line":150},"29":{"loc":{"start":{"line":152,"column":19},"end":{"line":154,"column":13}},"type":"if","locations":[{"start":{"line":152,"column":19},"end":{"line":154,"column":13}},{"start":{},"end":{}}],"line":152},"30":{"loc":{"start":{"line":159,"column":8},"end":{"line":163,"column":9}},"type":"if","locations":[{"start":{"line":159,"column":8},"end":{"line":163,"column":9}},{"start":{},"end":{}}],"line":159},"31":{"loc":{"start":{"line":166,"column":8},"end":{"line":175,"column":9}},"type":"if","locations":[{"start":{"line":166,"column":8},"end":{"line":175,"column":9}},{"start":{"line":169,"column":15},"end":{"line":175,"column":9}}],"line":166},"32":{"loc":{"start":{"line":169,"column":15},"end":{"line":175,"column":9}},"type":"if","locations":[{"start":{"line":169,"column":15},"end":{"line":175,"column":9}},{"start":{"line":171,"column":15},"end":{"line":175,"column":9}}],"line":169},"33":{"loc":{"start":{"line":177,"column":8},"end":{"line":179,"column":9}},"type":"if","locations":[{"start":{"line":177,"column":8},"end":{"line":179,"column":9}},{"start":{},"end":{}}],"line":177},"34":{"loc":{"start":{"line":197,"column":8},"end":{"line":201,"column":9}},"type":"if","locations":[{"start":{"line":197,"column":8},"end":{"line":201,"column":9}},{"start":{},"end":{}}],"line":197},"35":{"loc":{"start":{"line":197,"column":14},"end":{"line":197,"column":86}},"type":"binary-expr","locations":[{"start":{"line":197,"column":14},"end":{"line":197,"column":47}},{"start":{"line":197,"column":51},"end":{"line":197,"column":86}}],"line":197},"36":{"loc":{"start":{"line":203,"column":8},"end":{"line":205,"column":9}},"type":"if","locations":[{"start":{"line":203,"column":8},"end":{"line":205,"column":9}},{"start":{},"end":{}}],"line":203},"37":{"loc":{"start":{"line":207,"column":8},"end":{"line":209,"column":9}},"type":"if","locations":[{"start":{"line":207,"column":8},"end":{"line":209,"column":9}},{"start":{},"end":{}}],"line":207},"38":{"loc":{"start":{"line":213,"column":8},"end":{"line":215,"column":9}},"type":"if","locations":[{"start":{"line":213,"column":8},"end":{"line":215,"column":9}},{"start":{},"end":{}}],"line":213},"39":{"loc":{"start":{"line":223,"column":8},"end":{"line":225,"column":9}},"type":"if","locations":[{"start":{"line":223,"column":8},"end":{"line":225,"column":9}},{"start":{},"end":{}}],"line":223},"40":{"loc":{"start":{"line":230,"column":8},"end":{"line":232,"column":9}},"type":"if","locations":[{"start":{"line":230,"column":8},"end":{"line":232,"column":9}},{"start":{},"end":{}}],"line":230}},"s":{"0":194,"1":194,"2":194,"3":194,"4":194,"5":194,"6":194,"7":194,"8":132,"9":15,"10":2,"11":0,"12":59,"13":59,"14":59,"15":59,"16":59,"17":59,"18":59,"19":59,"20":59,"21":59,"22":59,"23":59,"24":59,"25":59,"26":59,"27":59,"28":59,"29":0,"30":59,"31":4,"32":15,"33":6,"34":6,"35":0,"36":18,"37":0,"38":0,"39":0,"40":18,"41":18,"42":0,"43":18,"44":88,"45":8,"46":20,"47":39,"48":284,"49":17,"50":0,"51":0,"52":0,"53":4,"54":16,"55":16,"56":16,"57":99,"58":92,"59":55,"60":55,"61":0,"62":0,"63":37,"64":37,"65":37,"66":0,"67":0,"68":150,"69":26,"70":26,"71":26,"72":124,"73":59,"74":59,"75":65,"76":65,"77":0,"78":0,"79":0,"80":95,"81":0,"82":95,"83":46,"84":99,"85":99,"86":1,"87":1,"88":1,"89":98,"90":60,"91":93,"92":38,"93":55,"94":0,"95":55,"96":55,"97":55,"98":41,"99":0,"100":41,"101":41,"102":41,"103":41,"104":0},"f":{"0":194,"1":132,"2":15,"3":2,"4":0,"5":59,"6":15,"7":6,"8":18,"9":88,"10":8,"11":20,"12":39,"13":284,"14":17,"15":0,"16":0,"17":0,"18":4,"19":16,"20":99,"21":150,"22":46,"23":99,"24":55,"25":41},"b":{"0":[194],"1":[194],"2":[194],"3":[194],"4":[2,2,2,1,1],"5":[59],"6":[59],"7":[59],"8":[59],"9":[59],"10":[59],"11":[59],"12":[59],"13":[0,59],"14":[4,55],"15":[6,0],"16":[6,0],"17":[18],"18":[0,18],"19":[0,0],"20":[18,18,18,18],"21":[0,18],"22":[4,1],"23":[16,14],"24":[55,37],"25":[55,0],"26":[0,0],"27":[37,0],"28":[37,0],"29":[0,0],"30":[26,124],"31":[59,65],"32":[65,0],"33":[0,95],"34":[1,98],"35":[99,39],"36":[60,38],"37":[38,55],"38":[0,55],"39":[0,41],"40":[0,41]},"meta":{"lastBranch":41,"lastFunction":26,"lastStatement":105,"seen":{"s:5:11:5:31":0,"s:6:8:6:11":1,"s:7:8:7:11":2,"s:8:8:8:11":3,"f:10:4:10:15":0,"b:10:26:10:46":0,"b:10:54:10:57":1,"b:10:67:10:70":2,"b:10:79:10:82":3,"s:11:8:11:27":4,"s:12:8:12:20":5,"s:13:8:13:22":6,"s:14:8:14:21":7,"f:17:4:17:14":1,"s:18:8:23:9":8,"f:26:4:26:12":2,"s:27:8:27:29":9,"f:30:4:30:10":3,"s:31:8:31:134":10,"b:31:15:31:40:31:44:31:68:31:72:31:90:31:94:31:112:31:116:31:134":4,"f:34:4:34:8":4,"s:35:8:35:48":11,"s:40:15:40:29":12,"s:41:20:41:22":13,"s:43:12:43:26":14,"s:44:10:44:12":15,"s:45:11:45:15":16,"s:46:16:46:37":17,"s:48:20:48:24":18,"s:49:22:49:26":19,"f:51:4:51:15":5,"b:52:14:52:18":5,"b:53:22:53:36":6,"b:54:24:54:26":7,"b:55:18:55:32":8,"b:56:16:56:18":9,"b:57:22:57:43":10,"b:58:23:58:27":11,"b:59:25:59:29":12,"s:61:8:61:35":20,"s:62:8:62:42":21,"s:64:8:64:28":22,"s:65:8:65:24":23,"s:66:8:66:23":24,"s:67:8:67:36":25,"s:68:8:68:41":26,"s:69:8:69:45":27,"b:71:8:75:9:73:15:75:9":13,"s:71:8:75:9":28,"s:72:12:72:35":29,"b:73:15:75:9:undefined:undefined:undefined:undefined":14,"s:73:15:75:9":30,"s:74:12:74:37":31,"f:78:4:78:12":6,"s:79:8:79:103":32,"f:82:4:82:12":7,"b:83:8:87:9:85:15:87:9":15,"s:83:8:87:9":33,"b:83:12:83:34:83:38:83:61":16,"s:84:12:84:59":34,"s:86:12:86:43":35,"f:90:4:90:10":8,"b:90:32:90:37":17,"b:91:8:96:9:undefined:undefined:undefined:undefined":18,"s:91:8:96:9":36,"b:92:12:94:13:undefined:undefined:undefined:undefined":19,"s:92:12:94:13":37,"s:93:16:93:58":38,"s:95:12:95:24":39,"s:98:12:101:78":40,"b:98:12:98:38:99:12:99:34:100:12:100:36:101:12:101:78":20,"b:104:8:110:9:undefined:undefined:undefined:undefined":21,"s:104:8:110:9":41,"s:105:12:109:103":42,"s:111:8:111:21":43,"f:115:4:115:11":9,"s:115:16:115:33":44,"f:117:4:117:9":10,"s:117:14:117:29":45,"f:119:4:119:21":11,"s:119:26:119:74":46,"f:121:4:121:18":12,"s:121:23:121:44":47,"f:122:4:122:15":13,"s:122:20:122:41":48,"f:124:4:124:10":14,"s:124:15:124:31":49,"f:126:4:126:19":15,"s:126:24:126:49":50,"f:128:4:128:21":16,"s:128:26:128:53":51,"f:130:4:130:20":17,"s:130:25:130:50":52,"f:132:4:132:13":18,"s:132:18:132:83":53,"b:132:25:132:51:132:55:132:83":22,"f:134:4:134:13":19,"s:135:27:135:60":54,"s:136:25:136:60":55,"s:137:8:137:37":56,"b:137:15:137:23:137:27:137:37":23,"f:140:10:140:17":20,"s:141:8:141:30":57,"b:143:8:155:9:149:15:155:9":24,"s:143:8:155:9":58,"b:144:12:148:13:146:19:148:13":25,"s:144:12:148:13":59,"s:145:16:145:39":60,"b:146:19:148:13:undefined:undefined:undefined:undefined":26,"s:146:19:148:13":61,"s:147:16:147:41":62,"b:149:15:155:9:undefined:undefined:undefined:undefined":27,"s:149:15:155:9":63,"b:150:12:154:13:152:19:154:13":28,"s:150:12:154:13":64,"s:151:16:151:41":65,"b:152:19:154:13:undefined:undefined:undefined:undefined":29,"s:152:19:154:13":66,"s:153:16:153:39":67,"f:158:10:158:25":21,"b:159:8:163:9:undefined:undefined:undefined:undefined":30,"s:159:8:163:9":68,"s:160:24:160:129":69,"s:161:12:161:59":70,"s:162:12:162:23":71,"b:166:8:175:9:169:15:175:9":31,"s:166:8:175:9":72,"s:167:29:167:74":73,"s:168:12:168:88":74,"b:169:15:175:9:171:15:175:9":32,"s:169:15:175:9":75,"s:170:12:170:102":76,"s:172:24:172:135":77,"s:173:12:173:39":78,"s:174:12:174:23":79,"b:177:8:179:9:undefined:undefined:undefined:undefined":33,"s:177:8:179:9":80,"s:178:12:178:77":81,"s:180:8:180:27":82,"f:183:4:183:14":22,"s:184:8:191:9":83,"f:194:10:194:19":23,"s:195:25:195:70":84,"b:197:8:201:9:undefined:undefined:undefined:undefined":34,"s:197:8:201:9":85,"b:197:14:197:47:197:51:197:86":35,"s:198:24:198:116":86,"s:199:12:199:38":87,"s:200:12:200:23":88,"b:203:8:205:9:undefined:undefined:undefined:undefined":36,"s:203:8:205:9":89,"s:204:12:204:69":90,"b:207:8:209:9:undefined:undefined:undefined:undefined":37,"s:207:8:209:9":91,"s:208:12:208:73":92,"f:212:4:212:20":24,"b:213:8:215:9:undefined:undefined:undefined:undefined":38,"s:213:8:215:9":93,"s:214:12:214:23":94,"s:217:8:217:45":95,"s:218:8:218:40":96,"s:219:8:219:57":97,"f:222:4:222:22":25,"b:223:8:225:9:undefined:undefined:undefined:undefined":39,"s:223:8:225:9":98,"s:224:12:224:23":99,"s:227:8:227:46":100,"s:228:8:228:42":101,"s:229:8:229:77":102,"b:230:8:232:9:undefined:undefined:undefined:undefined":40,"s:230:8:232:9":103,"s:231:12:231:61":104}}}
,"C:\\Users\\steph\\OneDrive\\Documents\\GitHub\\Mod Tracker\\WebApp\\src\\data\\profile.js": {"path":"C:\\Users\\steph\\OneDrive\\Documents\\GitHub\\Mod Tracker\\WebApp\\src\\data\\profile.js","statementMap":{"0":{"start":{"line":6,"column":15},"end":{"line":6,"column":17}},"1":{"start":{"line":7,"column":22},"end":{"line":7,"column":30}},"2":{"start":{"line":8,"column":11},"end":{"line":8,"column":24}},"3":{"start":{"line":15,"column":8},"end":{"line":15,"column":31}},"4":{"start":{"line":16,"column":8},"end":{"line":16,"column":46}},"5":{"start":{"line":17,"column":8},"end":{"line":17,"column":24}},"6":{"start":{"line":21,"column":21},"end":{"line":21,"column":38}},"7":{"start":{"line":23,"column":8},"end":{"line":29,"column":9}},"8":{"start":{"line":24,"column":12},"end":{"line":26,"column":14}},"9":{"start":{"line":25,"column":16},"end":{"line":25,"column":47}},"10":{"start":{"line":28,"column":12},"end":{"line":28,"column":42}},"11":{"start":{"line":31,"column":8},"end":{"line":31,"column":28}},"12":{"start":{"line":34,"column":19},"end":{"line":34,"column":39}},"13":{"start":{"line":36,"column":19},"end":{"line":36,"column":46}},"14":{"start":{"line":38,"column":20},"end":{"line":38,"column":47}},"15":{"start":{"line":40,"column":27},"end":{"line":40,"column":54}},"16":{"start":{"line":43,"column":8},"end":{"line":47,"column":9}},"17":{"start":{"line":44,"column":26},"end":{"line":44,"column":63}},"18":{"start":{"line":45,"column":12},"end":{"line":45,"column":38}},"19":{"start":{"line":46,"column":12},"end":{"line":46,"column":23}},"20":{"start":{"line":49,"column":25},"end":{"line":49,"column":71}},"21":{"start":{"line":50,"column":21},"end":{"line":50,"column":69}},"22":{"start":{"line":52,"column":8},"end":{"line":52,"column":30}},"23":{"start":{"line":54,"column":8},"end":{"line":58,"column":9}},"24":{"start":{"line":55,"column":12},"end":{"line":55,"column":38}},"25":{"start":{"line":57,"column":12},"end":{"line":57,"column":88}},"26":{"start":{"line":62,"column":8},"end":{"line":64,"column":9}},"27":{"start":{"line":63,"column":12},"end":{"line":63,"column":106}},"28":{"start":{"line":66,"column":20},"end":{"line":66,"column":40}},"29":{"start":{"line":67,"column":8},"end":{"line":71,"column":9}},"30":{"start":{"line":68,"column":12},"end":{"line":68,"column":42}},"31":{"start":{"line":70,"column":12},"end":{"line":70,"column":88}},"32":{"start":{"line":75,"column":8},"end":{"line":83,"column":9}},"33":{"start":{"line":77,"column":16},"end":{"line":81,"column":17}},"34":{"start":{"line":78,"column":20},"end":{"line":78,"column":42}},"35":{"start":{"line":80,"column":20},"end":{"line":80,"column":85}},"36":{"start":{"line":87,"column":28},"end":{"line":102,"column":9}},"37":{"start":{"line":89,"column":16},"end":{"line":100,"column":17}},"38":{"start":{"line":90,"column":33},"end":{"line":90,"column":102}},"39":{"start":{"line":91,"column":20},"end":{"line":91,"column":32}},"40":{"start":{"line":93,"column":20},"end":{"line":99,"column":21}},"41":{"start":{"line":96,"column":24},"end":{"line":96,"column":37}},"42":{"start":{"line":98,"column":24},"end":{"line":98,"column":36}},"43":{"start":{"line":104,"column":8},"end":{"line":108,"column":10}},"44":{"start":{"line":105,"column":12},"end":{"line":107,"column":13}},"45":{"start":{"line":106,"column":16},"end":{"line":106,"column":43}},"46":{"start":{"line":110,"column":8},"end":{"line":110,"column":28}},"47":{"start":{"line":114,"column":24},"end":{"line":114,"column":25}},"48":{"start":{"line":116,"column":8},"end":{"line":120,"column":10}},"49":{"start":{"line":117,"column":12},"end":{"line":119,"column":13}},"50":{"start":{"line":118,"column":16},"end":{"line":118,"column":27}},"51":{"start":{"line":122,"column":8},"end":{"line":126,"column":9}},"52":{"start":{"line":123,"column":12},"end":{"line":123,"column":20}},"53":{"start":{"line":125,"column":12},"end":{"line":125,"column":72}},"54":{"start":{"line":130,"column":8},"end":{"line":130,"column":32}},"55":{"start":{"line":134,"column":24},"end":{"line":134,"column":66}},"56":{"start":{"line":134,"column":49},"end":{"line":134,"column":65}},"57":{"start":{"line":135,"column":8},"end":{"line":139,"column":9}},"58":{"start":{"line":146,"column":23},"end":{"line":146,"column":33}},"59":{"start":{"line":147,"column":27},"end":{"line":151,"column":5}},"60":{"start":{"line":154,"column":8},"end":{"line":154,"column":39}},"61":{"start":{"line":155,"column":8},"end":{"line":155,"column":41}},"62":{"start":{"line":158,"column":23},"end":{"line":158,"column":54}},"63":{"start":{"line":160,"column":23},"end":{"line":160,"column":47}},"64":{"start":{"line":162,"column":24},"end":{"line":162,"column":55}},"65":{"start":{"line":164,"column":25},"end":{"line":164,"column":57}},"66":{"start":{"line":166,"column":24},"end":{"line":166,"column":49}},"67":{"start":{"line":168,"column":25},"end":{"line":168,"column":57}},"68":{"start":{"line":171,"column":8},"end":{"line":176,"column":9}},"69":{"start":{"line":172,"column":12},"end":{"line":172,"column":95}},"70":{"start":{"line":174,"column":13},"end":{"line":176,"column":9}},"71":{"start":{"line":175,"column":12},"end":{"line":175,"column":41}},"72":{"start":{"line":178,"column":8},"end":{"line":178,"column":42}},"73":{"start":{"line":179,"column":8},"end":{"line":179,"column":28}},"74":{"start":{"line":180,"column":8},"end":{"line":180,"column":28}},"75":{"start":{"line":184,"column":8},"end":{"line":184,"column":47}},"76":{"start":{"line":185,"column":8},"end":{"line":185,"column":28}},"77":{"start":{"line":186,"column":8},"end":{"line":186,"column":28}},"78":{"start":{"line":190,"column":8},"end":{"line":190,"column":44}},"79":{"start":{"line":191,"column":8},"end":{"line":191,"column":28}},"80":{"start":{"line":195,"column":8},"end":{"line":195,"column":43}},"81":{"start":{"line":196,"column":8},"end":{"line":196,"column":28}},"82":{"start":{"line":200,"column":8},"end":{"line":202,"column":9}},"83":{"start":{"line":201,"column":12},"end":{"line":201,"column":29}},"84":{"start":{"line":203,"column":8},"end":{"line":203,"column":28}},"85":{"start":{"line":207,"column":8},"end":{"line":207,"column":96}},"86":{"start":{"line":211,"column":8},"end":{"line":211,"column":49}},"87":{"start":{"line":215,"column":28},"end":{"line":215,"column":78}},"88":{"start":{"line":215,"column":61},"end":{"line":215,"column":77}},"89":{"start":{"line":216,"column":29},"end":{"line":216,"column":86}},"90":{"start":{"line":216,"column":64},"end":{"line":216,"column":85}},"91":{"start":{"line":218,"column":8},"end":{"line":221,"column":9}},"92":{"start":{"line":225,"column":8},"end":{"line":228,"column":9}},"93":{"start":{"line":226,"column":26},"end":{"line":226,"column":46}},"94":{"start":{"line":227,"column":12},"end":{"line":227,"column":58}},"95":{"start":{"line":227,"column":35},"end":{"line":227,"column":57}}},"fnMap":{"0":{"name":"(anonymous_0)","decl":{"start":{"line":10,"column":4},"end":{"line":10,"column":15}},"loc":{"start":{"line":14,"column":6},"end":{"line":18,"column":5}},"line":14},"1":{"name":"(anonymous_1)","decl":{"start":{"line":20,"column":4},"end":{"line":20,"column":12}},"loc":{"start":{"line":20,"column":15},"end":{"line":32,"column":5}},"line":20},"2":{"name":"(anonymous_2)","decl":{"start":{"line":24,"column":34},"end":{"line":24,"column":37}},"loc":{"start":{"line":24,"column":41},"end":{"line":26,"column":13}},"line":24},"3":{"name":"(anonymous_3)","decl":{"start":{"line":34,"column":4},"end":{"line":34,"column":14}},"loc":{"start":{"line":34,"column":17},"end":{"line":34,"column":41}},"line":34},"4":{"name":"(anonymous_4)","decl":{"start":{"line":36,"column":4},"end":{"line":36,"column":14}},"loc":{"start":{"line":36,"column":17},"end":{"line":36,"column":48}},"line":36},"5":{"name":"(anonymous_5)","decl":{"start":{"line":38,"column":4},"end":{"line":38,"column":10}},"loc":{"start":{"line":38,"column":18},"end":{"line":38,"column":49}},"line":38},"6":{"name":"(anonymous_6)","decl":{"start":{"line":40,"column":4},"end":{"line":40,"column":22}},"loc":{"start":{"line":40,"column":25},"end":{"line":40,"column":56}},"line":40},"7":{"name":"(anonymous_7)","decl":{"start":{"line":42,"column":10},"end":{"line":42,"column":16}},"loc":{"start":{"line":42,"column":22},"end":{"line":59,"column":5}},"line":42},"8":{"name":"(anonymous_8)","decl":{"start":{"line":61,"column":4},"end":{"line":61,"column":13}},"loc":{"start":{"line":61,"column":21},"end":{"line":72,"column":5}},"line":61},"9":{"name":"(anonymous_9)","decl":{"start":{"line":74,"column":10},"end":{"line":74,"column":17}},"loc":{"start":{"line":74,"column":20},"end":{"line":84,"column":5}},"line":74},"10":{"name":"(anonymous_10)","decl":{"start":{"line":76,"column":30},"end":{"line":76,"column":35}},"loc":{"start":{"line":76,"column":46},"end":{"line":82,"column":13}},"line":76},"11":{"name":"(anonymous_11)","decl":{"start":{"line":86,"column":10},"end":{"line":86,"column":27}},"loc":{"start":{"line":86,"column":72},"end":{"line":111,"column":5}},"line":86},"12":{"name":"(anonymous_12)","decl":{"start":{"line":88,"column":30},"end":{"line":88,"column":35}},"loc":{"start":{"line":88,"column":48},"end":{"line":101,"column":13}},"line":88},"13":{"name":"(anonymous_13)","decl":{"start":{"line":104,"column":30},"end":{"line":104,"column":34}},"loc":{"start":{"line":104,"column":38},"end":{"line":108,"column":9}},"line":104},"14":{"name":"(anonymous_14)","decl":{"start":{"line":113,"column":4},"end":{"line":113,"column":19}},"loc":{"start":{"line":113,"column":22},"end":{"line":127,"column":5}},"line":113},"15":{"name":"(anonymous_15)","decl":{"start":{"line":116,"column":30},"end":{"line":116,"column":33}},"loc":{"start":{"line":116,"column":37},"end":{"line":120,"column":9}},"line":116},"16":{"name":"(anonymous_16)","decl":{"start":{"line":129,"column":4},"end":{"line":129,"column":10}},"loc":{"start":{"line":129,"column":13},"end":{"line":131,"column":5}},"line":129},"17":{"name":"(anonymous_17)","decl":{"start":{"line":133,"column":4},"end":{"line":133,"column":14}},"loc":{"start":{"line":133,"column":17},"end":{"line":140,"column":5}},"line":133},"18":{"name":"(anonymous_18)","decl":{"start":{"line":134,"column":42},"end":{"line":134,"column":45}},"loc":{"start":{"line":134,"column":49},"end":{"line":134,"column":65}},"line":134},"19":{"name":"(anonymous_19)","decl":{"start":{"line":153,"column":4},"end":{"line":153,"column":15}},"loc":{"start":{"line":153,"column":76},"end":{"line":156,"column":5}},"line":153},"20":{"name":"(anonymous_20)","decl":{"start":{"line":158,"column":4},"end":{"line":158,"column":18}},"loc":{"start":{"line":158,"column":21},"end":{"line":158,"column":56}},"line":158},"21":{"name":"(anonymous_21)","decl":{"start":{"line":160,"column":4},"end":{"line":160,"column":18}},"loc":{"start":{"line":160,"column":21},"end":{"line":160,"column":49}},"line":160},"22":{"name":"(anonymous_22)","decl":{"start":{"line":162,"column":4},"end":{"line":162,"column":14}},"loc":{"start":{"line":162,"column":22},"end":{"line":162,"column":57}},"line":162},"23":{"name":"(anonymous_23)","decl":{"start":{"line":164,"column":4},"end":{"line":164,"column":20}},"loc":{"start":{"line":164,"column":23},"end":{"line":164,"column":59}},"line":164},"24":{"name":"(anonymous_24)","decl":{"start":{"line":166,"column":4},"end":{"line":166,"column":19}},"loc":{"start":{"line":166,"column":22},"end":{"line":166,"column":51}},"line":166},"25":{"name":"(anonymous_25)","decl":{"start":{"line":168,"column":4},"end":{"line":168,"column":15}},"loc":{"start":{"line":168,"column":23},"end":{"line":168,"column":59}},"line":168},"26":{"name":"(anonymous_26)","decl":{"start":{"line":170,"column":4},"end":{"line":170,"column":14}},"loc":{"start":{"line":170,"column":47},"end":{"line":181,"column":5}},"line":170},"27":{"name":"(anonymous_27)","decl":{"start":{"line":183,"column":4},"end":{"line":183,"column":17}},"loc":{"start":{"line":183,"column":30},"end":{"line":187,"column":5}},"line":183},"28":{"name":"(anonymous_28)","decl":{"start":{"line":189,"column":4},"end":{"line":189,"column":15}},"loc":{"start":{"line":189,"column":29},"end":{"line":192,"column":5}},"line":189},"29":{"name":"(anonymous_29)","decl":{"start":{"line":194,"column":4},"end":{"line":194,"column":18}},"loc":{"start":{"line":194,"column":26},"end":{"line":197,"column":5}},"line":194},"30":{"name":"(anonymous_30)","decl":{"start":{"line":199,"column":4},"end":{"line":199,"column":19}},"loc":{"start":{"line":199,"column":22},"end":{"line":204,"column":5}},"line":199},"31":{"name":"(anonymous_31)","decl":{"start":{"line":206,"column":4},"end":{"line":206,"column":17}},"loc":{"start":{"line":206,"column":20},"end":{"line":208,"column":5}},"line":206},"32":{"name":"(anonymous_32)","decl":{"start":{"line":210,"column":4},"end":{"line":210,"column":8}},"loc":{"start":{"line":210,"column":11},"end":{"line":212,"column":5}},"line":210},"33":{"name":"(anonymous_33)","decl":{"start":{"line":214,"column":4},"end":{"line":214,"column":15}},"loc":{"start":{"line":214,"column":18},"end":{"line":222,"column":5}},"line":214},"34":{"name":"(anonymous_34)","decl":{"start":{"line":215,"column":50},"end":{"line":215,"column":57}},"loc":{"start":{"line":215,"column":61},"end":{"line":215,"column":77}},"line":215},"35":{"name":"(anonymous_35)","decl":{"start":{"line":216,"column":52},"end":{"line":216,"column":60}},"loc":{"start":{"line":216,"column":64},"end":{"line":216,"column":85}},"line":216},"36":{"name":"(anonymous_36)","decl":{"start":{"line":224,"column":4},"end":{"line":224,"column":17}},"loc":{"start":{"line":224,"column":20},"end":{"line":229,"column":5}},"line":224},"37":{"name":"(anonymous_37)","decl":{"start":{"line":227,"column":25},"end":{"line":227,"column":26}},"loc":{"start":{"line":227,"column":35},"end":{"line":227,"column":57}},"line":227}},"branchMap":{"0":{"loc":{"start":{"line":11,"column":8},"end":{"line":11,"column":20}},"type":"default-arg","locations":[{"start":{"line":11,"column":18},"end":{"line":11,"column":20}}],"line":11},"1":{"loc":{"start":{"line":12,"column":8},"end":{"line":12,"column":34}},"type":"default-arg","locations":[{"start":{"line":12,"column":26},"end":{"line":12,"column":34}}],"line":12},"2":{"loc":{"start":{"line":13,"column":8},"end":{"line":13,"column":28}},"type":"default-arg","locations":[{"start":{"line":13,"column":15},"end":{"line":13,"column":28}}],"line":13},"3":{"loc":{"start":{"line":23,"column":8},"end":{"line":29,"column":9}},"type":"if","locations":[{"start":{"line":23,"column":8},"end":{"line":29,"column":9}},{"start":{"line":27,"column":15},"end":{"line":29,"column":9}}],"line":23},"4":{"loc":{"start":{"line":43,"column":8},"end":{"line":47,"column":9}},"type":"if","locations":[{"start":{"line":43,"column":8},"end":{"line":47,"column":9}},{"start":{},"end":{}}],"line":43},"5":{"loc":{"start":{"line":43,"column":12},"end":{"line":43,"column":96}},"type":"binary-expr","locations":[{"start":{"line":43,"column":12},"end":{"line":43,"column":29}},{"start":{"line":43,"column":33},"end":{"line":43,"column":96}}],"line":43},"6":{"loc":{"start":{"line":43,"column":35},"end":{"line":43,"column":95}},"type":"binary-expr","locations":[{"start":{"line":43,"column":35},"end":{"line":43,"column":62}},{"start":{"line":43,"column":66},"end":{"line":43,"column":95}}],"line":43},"7":{"loc":{"start":{"line":54,"column":8},"end":{"line":58,"column":9}},"type":"if","locations":[{"start":{"line":54,"column":8},"end":{"line":58,"column":9}},{"start":{"line":56,"column":15},"end":{"line":58,"column":9}}],"line":54},"8":{"loc":{"start":{"line":62,"column":8},"end":{"line":64,"column":9}},"type":"if","locations":[{"start":{"line":62,"column":8},"end":{"line":64,"column":9}},{"start":{},"end":{}}],"line":62},"9":{"loc":{"start":{"line":62,"column":12},"end":{"line":62,"column":54}},"type":"binary-expr","locations":[{"start":{"line":62,"column":12},"end":{"line":62,"column":21}},{"start":{"line":62,"column":25},"end":{"line":62,"column":54}}],"line":62},"10":{"loc":{"start":{"line":67,"column":8},"end":{"line":71,"column":9}},"type":"if","locations":[{"start":{"line":67,"column":8},"end":{"line":71,"column":9}},{"start":{"line":69,"column":15},"end":{"line":71,"column":9}}],"line":67},"11":{"loc":{"start":{"line":86,"column":47},"end":{"line":86,"column":70}},"type":"default-arg","locations":[{"start":{"line":86,"column":65},"end":{"line":86,"column":70}}],"line":86},"12":{"loc":{"start":{"line":93,"column":20},"end":{"line":99,"column":21}},"type":"if","locations":[{"start":{"line":93,"column":20},"end":{"line":99,"column":21}},{"start":{"line":97,"column":27},"end":{"line":99,"column":21}}],"line":93},"13":{"loc":{"start":{"line":93,"column":24},"end":{"line":95,"column":61}},"type":"binary-expr","locations":[{"start":{"line":93,"column":24},"end":{"line":93,"column":73}},{"start":{"line":94,"column":24},"end":{"line":94,"column":53}},{"start":{"line":95,"column":24},"end":{"line":95,"column":61}}],"line":93},"14":{"loc":{"start":{"line":105,"column":12},"end":{"line":107,"column":13}},"type":"if","locations":[{"start":{"line":105,"column":12},"end":{"line":107,"column":13}},{"start":{},"end":{}}],"line":105},"15":{"loc":{"start":{"line":105,"column":16},"end":{"line":105,"column":40}},"type":"binary-expr","locations":[{"start":{"line":105,"column":16},"end":{"line":105,"column":20}},{"start":{"line":105,"column":24},"end":{"line":105,"column":40}}],"line":105},"16":{"loc":{"start":{"line":117,"column":12},"end":{"line":119,"column":13}},"type":"if","locations":[{"start":{"line":117,"column":12},"end":{"line":119,"column":13}},{"start":{},"end":{}}],"line":117},"17":{"loc":{"start":{"line":122,"column":8},"end":{"line":126,"column":9}},"type":"if","locations":[{"start":{"line":122,"column":8},"end":{"line":126,"column":9}},{"start":{"line":124,"column":15},"end":{"line":126,"column":9}}],"line":122},"18":{"loc":{"start":{"line":153,"column":16},"end":{"line":153,"column":32}},"type":"default-arg","locations":[{"start":{"line":153,"column":30},"end":{"line":153,"column":32}}],"line":153},"19":{"loc":{"start":{"line":153,"column":34},"end":{"line":153,"column":74}},"type":"default-arg","locations":[{"start":{"line":153,"column":49},"end":{"line":153,"column":74}}],"line":153},"20":{"loc":{"start":{"line":170,"column":27},"end":{"line":170,"column":45}},"type":"default-arg","locations":[{"start":{"line":170,"column":41},"end":{"line":170,"column":45}}],"line":170},"21":{"loc":{"start":{"line":171,"column":8},"end":{"line":176,"column":9}},"type":"if","locations":[{"start":{"line":171,"column":8},"end":{"line":176,"column":9}},{"start":{"line":174,"column":13},"end":{"line":176,"column":9}}],"line":171},"22":{"loc":{"start":{"line":174,"column":13},"end":{"line":176,"column":9}},"type":"if","locations":[{"start":{"line":174,"column":13},"end":{"line":176,"column":9}},{"start":{},"end":{}}],"line":174},"23":{"loc":{"start":{"line":227,"column":35},"end":{"line":227,"column":57}},"type":"cond-expr","locations":[{"start":{"line":227,"column":51},"end":{"line":227,"column":53}},{"start":{"line":227,"column":56},"end":{"line":227,"column":57}}],"line":227}},"s":{"0":44,"1":44,"2":44,"3":44,"4":44,"5":44,"6":0,"7":0,"8":0,"9":0,"10":0,"11":0,"12":74,"13":24,"14":1,"15":0,"16":6,"17":2,"18":2,"19":2,"20":4,"21":4,"22":4,"23":4,"24":4,"25":0,"26":8,"27":4,"28":4,"29":4,"30":4,"31":0,"32":6,"33":86,"34":86,"35":0,"36":19,"37":113,"38":113,"39":76,"40":34,"41":34,"42":0,"43":17,"44":107,"45":0,"46":17,"47":24,"48":24,"49":30,"50":20,"51":24,"52":14,"53":10,"54":26,"55":26,"56":36,"57":26,"58":22,"59":22,"60":22,
[...]
,"column":47},"end":{"line":72,"column":null}},"line":69},"5":{"name":"(anonymous_5)","decl":{"start":{"line":78,"column":41},"end":{"line":78,"column":47}},"loc":{"start":{"line":78,"column":47},"end":{"line":80,"column":null}},"line":78}},"branchMap":{"0":{"loc":{"start":{"line":9,"column":28},"end":{"line":9,"column":44}},"type":"default-arg","locations":[{"start":{"line":9,"column":37},"end":{"line":9,"column":44}}],"line":9},"1":{"loc":{"start":{"line":15,"column":8},"end":{"line":36,"column":null}},"type":"if","locations":[{"start":{"line":15,"column":8},"end":{"line":36,"column":null}},{"start":{"line":18,"column":8},"end":{"line":36,"column":null}}],"line":15},"2":{"loc":{"start":{"line":15,"column":12},"end":{"line":15,"column":56}},"type":"binary-expr","locations":[{"start":{"line":15,"column":12},"end":{"line":15,"column":39}},{"start":{"line":15,"column":39},"end":{"line":15,"column":56}}],"line":15},"3":{"loc":{"start":{"line":18,"column":8},"end":{"line":36,"column":null}},"type":"if","locations":[{"start":{"line":18,"column":8},"end":{"line":36,"column":null}},{"start":{"line":21,"column":15},"end":{"line":36,"column":null}}],"line":18},"4":{"loc":{"start":{"line":27,"column":12},"end":{"line":35,"column":null}},"type":"if","locations":[{"start":{"line":27,"column":12},"end":{"line":35,"column":null}},{"start":{"line":31,"column":19},"end":{"line":35,"column":null}}],"line":27},"5":{"loc":{"start":{"line":45,"column":13},"end":{"line":86,"column":null}},"type":"binary-expr","locations":[{"start":{"line":45,"column":13},"end":{"line":45,"column":null}},{"start":{"line":46,"column":16},"end":{"line":86,"column":null}}],"line":45}},"s":{"0":22,"1":22,"2":22,"3":0,"4":0,"5":0,"6":0,"7":0,"8":0,"9":0,"10":0,"11":0,"12":0,"13":0,"14":0,"15":0,"16":0,"17":0,"18":0,"19":22,"20":0,"21":22,"22":0,"23":0,"24":0,"25":0},"f":{"0":22,"1":0,"2":0,"3":0,"4":0,"5":0},"b":{"0":[22],"1":[0,0],"2":[0,0],"3":[0,0],"4":[0,0],"5":[22,0]},"meta":{"lastBranch":6,"lastFunction":6,"lastStatement":26,"seen":{"f:9:9:9:26":0,"b:9:37:9:44":0,"s:10:25:10:Infinity":0,"s:11:38:11:Infinity":1,"s:12:30:12:Infinity":2,"f:14:13:14:33":1,"b:15:8:36:Infinity:18:8:36:Infinity":1,"s:15:8:36:Infinity":3,"b:15:12:15:39:15:39:15:56":2,"s:16:12:16:Infinity":4,"s:17:12:17:Infinity":5,"b:18:8:36:Infinity:21:15:36:Infinity":3,"s:18:8:36:Infinity":6,"s:19:12:19:Infinity":7,"s:20:12:20:Infinity":8,"s:22:32:22:Infinity":9,"s:23:12:25:Infinity":10,"s:24:16:24:Infinity":11,"b:27:12:35:Infinity:31:19:35:Infinity":4,"s:27:12:35:Infinity":12,"s:28:16:28:Infinity":13,"s:29:16:29:Infinity":14,"s:30:16:30:Infinity":15,"s:32:33:32:Infinity":16,"s:33:16:33:Infinity":17,"s:34:16:34:Infinity":18,"s:39:30:41:Infinity":19,"f:39:30:39:31":2,"s:40:8:40:Infinity":20,"s:43:4:88:Infinity":21,"b:45:13:45:Infinity:46:16:86:Infinity":5,"f:52:46:52:47":3,"s:52:62:52:85":22,"f:69:41:69:47":4,"s:70:36:70:Infinity":23,"s:71:36:71:Infinity":24,"f:78:41:78:47":5,"s:79:36:79:Infinity":25}}}
,"C:\\Users\\steph\\OneDrive\\Documents\\GitHub\\Mod Tracker\\WebApp\\src\\widgets\\newProfilePopup.jsx": {"path":"C:\\Users\\steph\\OneDrive\\Documents\\GitHub\\Mod Tracker\\WebApp\\src\\widgets\\newProfilePopup.jsx","statementMap":{"0":{"start":{"line":12,"column":38},"end":{"line":12,"column":null}},"1":{"start":{"line":15,"column":8},"end":{"line":15,"column":null}},"2":{"start":{"line":19,"column":8},"end":{"line":29,"column":null}},"3":{"start":{"line":20,"column":12},"end":{"line":20,"column":null}},"4":{"start":{"line":21,"column":8},"end":{"line":29,"column":null}},"5":{"start":{"line":23,"column":12},"end":{"line":23,"column":null}},"6":{"start":{"line":26,"column":29},"end":{"line":26,"column":null}},"7":{"start":{"line":27,"column":12},"end":{"line":27,"column":null}},"8":{"start":{"line":28,"column":12},"end":{"line":28,"column":null}},"9":{"start":{"line":32,"column":4},"end":{"line":75,"column":null}},"10":{"start":{"line":41,"column":62},"end":{"line":41,"column":85}},"11":{"start":{"line":50,"column":36},"end":{"line":50,"column":null}},"12":{"start":{"line":51,"column":36},"end":{"line":51,"column":null}},"13":{"start":{"line":66,"column":36},"end":{"line":66,"column":null}}},"fnMap":{"0":{"name":"NewProfilePopup","decl":{"start":{"line":11,"column":9},"end":{"line":11,"column":25}},"loc":{"start":{"line":11,"column":71},"end":{"line":77,"column":null}},"line":11},"1":{"name":"createBlankProfile","decl":{"start":{"line":14,"column":13},"end":{"line":14,"column":34}},"loc":{"start":{"line":14,"column":34},"end":{"line":16,"column":null}},"line":14},"2":{"name":"importProfile","decl":{"start":{"line":18,"column":13},"end":{"line":18,"column":27}},"loc":{"start":{"line":18,"column":60},"end":{"line":30,"column":null}},"line":18},"3":{"name":"(anonymous_3)","decl":{"start":{"line":41,"column":46},"end":{"line":41,"column":47}},"loc":{"start":{"line":41,"column":60},"end":{"line":41,"column":null}},"line":41},"4":{"name":"(anonymous_4)","decl":{"start":{"line":49,"column":41},"end":{"line":49,"column":47}},"loc":{"start":{"line":49,"column":47},"end":{"line":52,"column":null}},"line":49},"5":{"name":"(anonymous_5)","decl":{"start":{"line":65,"column":41},"end":{"line":65,"column":47}},"loc":{"start":{"line":65,"column":47},"end":{"line":67,"column":null}},"line":65}},"branchMap":{"0":{"loc":{"start":{"line":11,"column":27},"end":{"line":11,"column":43}},"type":"default-arg","locations":[{"start":{"line":11,"column":36},"end":{"line":11,"column":43}}],"line":11},"1":{"loc":{"start":{"line":18,"column":39},"end":{"line":18,"column":60}},"type":"default-arg","locations":[{"start":{"line":18,"column":54},"end":{"line":18,"column":60}}],"line":18},"2":{"loc":{"start":{"line":19,"column":8},"end":{"line":29,"column":null}},"type":"if","locations":[{"start":{"line":19,"column":8},"end":{"line":29,"column":null}},{"start":{"line":21,"column":8},"end":{"line":29,"column":null}}],"line":19},"3":{"loc":{"start":{"line":19,"column":12},"end":{"line":19,"column":60}},"type":"binary-expr","locations":[{"start":{"line":19,"column":12},"end":{"line":19,"column":34}},{"start":{"line":19,"column":34},"end":{"line":19,"column":60}}],"line":19},"4":{"loc":{"start":{"line":21,"column":8},"end":{"line":29,"column":null}},"type":"if","locations":[{"start":{"line":21,"column":8},"end":{"line":29,"column":null}},{"start":{"line":25,"column":13},"end":{"line":29,"column":null}}],"line":21},"5":{"loc":{"start":{"line":34,"column":13},"end":{"line":73,"column":null}},"type":"binary-expr","locations":[{"start":{"line":34,"column":13},"end":{"line":34,"column":null}},{"start":{"line":35,"column":16},"end":{"line":73,"column":null}}],"line":34}},"s":{"0":6,"1":1,"2":0,"3":0,"4":0,"5":0,"6":0,"7":0,"8":0,"9":6,"10":1,"11":1,"12":1,"13":1},"f":{"0":6,"1":1,"2":0,"3":1,"4":1,"5":1},"b":{"0":[6],"1":[0],"2":[0,0],"3":[0,0],"4":[0,0],"5":[6,5]},"meta":{"lastBranch":6,"lastFunction":6,"lastStatement":14,"seen":{"f:11:9:11:25":0,"b:11:36:11:43":0,"s:12:38:12:Infinity":0,"f:14:13:14:34":1,"s:15:8:15:Infinity":1,"f:18:13:18:27":2,"b:18:54:18:60":1,"b:19:8:29:Infinity:21:8:29:Infinity":2,"s:19:8:29:Infinity":2,"b:19:12:19:34:19:34:19:60":3,"s:20:12:20:Infinity":3,"b:21:8:29:Infinity:25:13:29:Infinity":4,"s:21:8:29:Infinity":4,"s:23:12:23:Infinity":5,"s:26:29:26:Infinity":6,"s:27:12:27:Infinity":7,"s:28:12:28:Infinity":8,"s:32:4:75:Infinity":9,"b:34:13:34:Infinity:35:16:73:Infinity":5,"f:41:46:41:47":3,"s:41:62:41:85":10,"f:49:41:49:47":4,"s:50:36:50:Infinity":11,"s:51:36:51:Infinity":12,"f:65:41:65:47":5,"s:66:36:66:Infinity":13}}}
,"C:\\Users\\steph\\OneDrive\\Documents\\GitHub\\Mod Tracker\\WebApp\\src\\widgets\\pieChart.jsx": {"path":"C:\\Users\\steph\\OneDrive\\Documents\\GitHub\\Mod Tracker\\WebApp\\src\\widgets\\pieChart.jsx","statementMap":{"0":{"start":{"line":5,"column":10},"end":{"line":5,"column":null}},"1":{"start":{"line":6,"column":4},"end":{"line":9,"column":null}},"2":{"start":{"line":13,"column":18},"end":{"line":13,"column":null}},"3":{"start":{"line":14,"column":16},"end":{"line":14,"column":null}},"4":{"start":{"line":15,"column":25},"end":{"line":15,"column":null}},"5":{"start":{"line":16,"column":4},"end":{"line":21,"column":null}},"6":{"start":{"line":25,"column":18},"end":{"line":25,"column":null}},"7":{"start":{"line":25,"column":45},"end":{"line":25,"column":65}},"8":{"start":{"line":26,"column":15},"end":{"line":26,"column":null}},"9":{"start":{"line":27,"column":15},"end":{"line":27,"column":null}},"10":{"start":{"line":28,"column":19},"end":{"line":28,"column":null}},"11":{"start":{"line":29,"column":16},"end":{"line":29,"column":null}},"12":{"start":{"line":31,"column":4},"end":{"line":82,"column":null}},"13":{"start":{"line":35,"column":39},"end":{"line":35,"column":null}},"14":{"start":{"line":36,"column":40},"end":{"line":36,"column":null}},"15":{"start":{"line":37,"column":35},"end":{"line":37,"column":null}},"16":{"start":{"line":38,"column":20},"end":{"line":38,"column":null}},"17":{"start":{"line":41,"column":20},"end":{"line":43,"column":null}},"18":{"start":{"line":42,"column":24},"end":{"line":42,"column":null}},"19":{"start":{"line":45,"column":38},"end":{"line":45,"column":null}},"20":{"start":{"line":46,"column":20},"end":{"line":47,"column":null}},"21":{"start":{"line":76,"column":20},"end":{"line":79,"column":null}}},"fnMap":{"0":{"name":"polarToCartesian","decl":{"start":{"line":4,"column":9},"end":{"line":4,"column":26}},"loc":{"start":{"line":4,"column":47},"end":{"line":10,"column":null}},"line":4},"1":{"name":"describeArc","decl":{"start":{"line":12,"column":9},"end":{"line":12,"column":21}},"loc":{"start":{"line":12,"column":54},"end":{"line":22,"column":null}},"line":12},"2":{"name":"PieChart","decl":{"start":{"line":24,"column":9},"end":{"line":24,"column":18}},"loc":{"start":{"line":24,"column":73},"end":{"line":84,"column":null}},"line":24},"3":{"name":"(anonymous_3)","decl":{"start":{"line":25,"column":35},"end":{"line":25,"column":36}},"loc":{"start":{"line":25,"column":45},"end":{"line":25,"column":65}},"line":25},"4":{"name":"(anonymous_4)","decl":{"start":{"line":34,"column":31},"end":{"line":34,"column":32}},"loc":{"start":{"line":34,"column":44},"end":{"line":71,"column":17}},"line":34},"5":{"name":"(anonymous_5)","decl":{"start":{"line":75,"column":31},"end":{"line":75,"column":32}},"loc":{"start":{"line":76,"column":20},"end":{"line":79,"column":null}},"line":76}},"branchMap":{"0":{"loc":{"start":{"line":15,"column":25},"end":{"line":15,"column":null}},"type":"cond-expr","locations":[{"start":{"line":15,"column":56},"end":{"line":15,"column":62}},{"start":{"line":15,"column":62},"end":{"line":15,"column":null}}],"line":15},"1":{"loc":{"start":{"line":24,"column":26},"end":{"line":24,"column":42}},"type":"default-arg","locations":[{"start":{"line":24,"column":38},"end":{"line":24,"column":42}}],"line":24},"2":{"loc":{"start":{"line":24,"column":42},"end":{"line":24,"column":54}},"type":"default-arg","locations":[{"start":{"line":24,"column":49},"end":{"line":24,"column":54}}],"line":24},"3":{"loc":{"start":{"line":24,"column":54},"end":{"line":24,"column":70}},"type":"default-arg","locations":[{"start":{"line":24,"column":68},"end":{"line":24,"column":70}}],"line":24},"4":{"loc":{"start":{"line":25,"column":18},"end":{"line":25,"column":null}},"type":"binary-expr","locations":[{"start":{"line":25,"column":18},"end":{"line":25,"column":71}},{"start":{"line":25,"column":71},"end":{"line":25,"column":null}}],"line":25},"5":{"loc":{"start":{"line":25,"column":50},"end":{"line":25,"column":65}},"type":"binary-expr","locations":[{"start":{"line":25,"column":50},"end":{"line":25,"column":61}},{"start":{"line":25,"column":61},"end":{"line":25,"column":65}}],"line":25},"6":{"loc":{"start":{"line":41,"column":20},"end":{"line":43,"column":null}},"type":"if","locations":[{"start":{"line":41,"column":20},"end":{"line":43,"column":null}},{"start":{},"end":{}}],"line":41},"7":{"loc":{"start":{"line":47,"column":58},"end":{"line":47,"column":106}},"type":"binary-expr","locations":[{"start":{"line":47,"column":58},"end":{"line":47,"column":72}},{"start":{"line":47,"column":72},"end":{"line":47,"column":106}}],"line":47},"8":{"loc":{"start":{"line":77,"column":73},"end":{"line":77,"column":117}},"type":"binary-expr","locations":[{"start":{"line":77,"column":73},"end":{"line":77,"column":84}},{"start":{"line":77,"column":84},"end":{"line":77,"column":117}}],"line":77}},"s":{"0":98,"1":98,"2":49,"3":49,"4":49,"5":49,"6":22,"7":49,"8":22,"9":22,"10":22,"11":22,"12":22,"13":49,"14":49,"15":49,"16":49,"17":49,"18":0,"19":49,"20":49,"21":49},"f":{"0":98,"1":49,"2":22,"3":49,"4":49,"5":49},"b":{"0":[32,17],"1":[22],"2":[22],"3":[22],"4":[22,0],"5":[49,0],"6":[0,49],"7":[49,0],"8":[49,0]},"meta":{"lastBranch":9,"lastFunction":6,"lastStatement":22,"seen":{"f:4:9:4:26":0,"s:5:10:5:Infinity":0,"s:6:4:9:Infinity":1,"f:12:9:12:21":1,"s:13:18:13:Infinity":2,"s:14:16:14:Infinity":3,"s:15:25:15:Infinity":4,"b:15:56:15:62:15:62:15:Infinity":0,"s:16:4:21:Infinity":5,"f:24:9:24:18":2,"b:24:38:24:42":1,"b:24:49:24:54":2,"b:24:68:24:70":3,"s:25:18:25:Infinity":6,"b:25:18:25:71:25:71:25:Infinity":4,"f:25:35:25:36":3,"s:25:45:25:65":7,"b:25:50:25:61:25:61:25:65":5,"s:26:15:26:Infinity":8,"s:27:15:27:Infinity":9,"s:28:19:28:Infinity":10,"s:29:16:29:Infinity":11,"s:31:4:82:Infinity":12,"f:34:31:34:32":4,"s:35:39:35:Infinity":13,"s:36:40:36:Infinity":14,"s:37:35:37:Infinity":15,"s:38:20:38:Infinity":16,"b:41:20:43:Infinity:undefined:undefined:undefined:undefined":6,"s:41:20:43:Infinity":17,"s:42:24:42:Infinity":18,"s:45:38:45:Infinity":19,"s:46:20:47:Infinity":20,"b:47:58:47:72:47:72:47:106":7,"f:75:31:75:32":5,"s:76:20:79:Infinity":21,"b:77:73:77:84:77:84:77:117":8}}}
,"C:\\Users\\steph\\OneDrive\\Documents\\GitHub\\Mod Tracker\\WebApp\\src\\widgets\\tableManager.jsx": {"path":"C:\\Users\\steph\\OneDrive\\Documents\\GitHub\\Mod Tracker\\WebApp\\src\\widgets\\tableManager.jsx","statementMap":{"0":{"start":{"line":7,"column":21},"end":{"line":50,"column":null}},"1":{"start":{"line":8,"column":25},"end":{"line":8,"column":null}},"2":{"start":{"line":9,"column":20},"end":{"line":9,"column":null}},"3":{"start":{"line":12,"column":8},"end":{"line":16,"column":null}},"4":{"start":{"line":13,"column":12},"end":{"line":13,"column":null}},"5":{"start":{"line":14,"column":12},"end":{"line":14,"column":null}},"6":{"start":{"line":15,"column":12},"end":{"line":15,"column":null}},"7":{"start":{"line":18,"column":8},"end":{"line":31,"column":null}},"8":{"start":{"line":19,"column":24},"end":{"line":19,"column":null}},"9":{"start":{"line":20,"column":29},"end":{"line":20,"column":null}},"10":{"start":{"line":22,"column":12},"end":{"line":28,"column":null}},"11":{"start":{"line":23,"column":16},"end":{"line":23,"column":null}},"12":{"start":{"line":24,"column":16},"end":{"line":24,"column":null}},"13":{"start":{"line":25,"column":16},"end":{"line":25,"column":null}},"14":{"start":{"line":27,"column":16},"end":{"line":27,"column":null}},"15":{"start":{"line":30,"column":12},"end":{"line":30,"column":null}},"16":{"start":{"line":34,"column":25},"end":{"line":37,"column":null}},"17":{"start":{"line":35,"column":8},"end":{"line":35,"column":null}},"18":{"start":{"line":36,"column":8},"end":{"line":36,"column":null}},"19":{"start":{"line":39,"column":4},"end":{"line":48,"column":null}}},"fnMap":{"0":{"name":"(anonymous_0)","decl":{"start":{"line":7,"column":21},"end":{"line":7,"column":22}},"loc":{"start":{"line":7,"column":95},"end":{"line":50,"column":null}},"line":7},"1":{"name":"handlePriorityChange","decl":{"start":{"line":11,"column":13},"end":{"line":11,"column":34}},"loc":{"start":{"line":11,"column":61},"end":{"line":32,"column":null}},"line":11},"2":{"name":"(anonymous_2)","decl":{"start":{"line":34,"column":25},"end":{"line":34,"column":32}},"loc":{"start":{"line":34,"column":47},"end":{"line":37,"column":null}},"line":34}},"branchMap":{"0":{"loc":{"start":{"line":12,"column":8},"end":{"line":16,"column":null}},"type":"if","locations":[{"start":{"line":12,"column":8},"end":{"line":16,"column":null}},{"start":{},"end":{}}],"line":12},"1":{"loc":{"start":{"line":18,"column":8},"end":{"line":31,"column":null}},"type":"if","locations":[{"start":{"line":18,"column":8},"end":{"line":31,"column":null}},{"start":{"line":29,"column":15},"end":{"line":31,"column":null}}],"line":18},"2":{"loc":{"start":{"line":22,"column":12},"end":{"line":28,"column":null}},"type":"if","locations":[{"start":{"line":22,"column":12},"end":{"line":28,"column":null}},{"start":{"line":26,"column":19},"end":{"line":28,"column":null}}],"line":22}},"s":{"0":1,"1":22,"2":22,"3":1,"4":0,"5":0,"6":0,"7":1,"8":1,"9":1,"10":1,"11":1,"12":1,"13":1,"14":0,"15":0,"16":22,"17":1,"18":1,"19":22},"f":{"0":22,"1":1,"2":1},"b":{"0":[0,1],"1":[1,0],"2":[1,0]},"meta":{"lastBranch":3,"lastFunction":3,"lastStatement":20,"seen":{"s:7:21:50:Infinity":0,"f:7:21:7:22":0,"s:8:25:8:Infinity":1,"s:9:20:9:Infinity":2,"f:11:13:11:34":1,"b:12:8:16:Infinity:undefined:undefined:undefined:undefined":0,"s:12:8:16:Infinity":3,"s:13:12:13:Infinity":4,"s:14:12:14:Infinity":5,"s:15:12:15:Infinity":6,"b:18:8:31:Infinity:29:15:31:Infinity":1,"s:18:8:31:Infinity":7,"s:19:24:19:Infinity":8,"s:20:29:20:Infinity":9,"b:22:12:28:Infinity:26:19:28:Infinity":2,"s:22:12:28:Infinity":10,"s:23:16:23:Infinity":11,"s:24:16:24:Infinity":12,"s:25:16:25:Infinity":13,"s:27:16:27:Infinity":14,"s:30:12:30:Infinity":15,"s:34:25:37:Infinity":16,"f:34:25:34:32":2,"s:35:8:35:Infinity":17,"s:36:8:36:Infinity":18,"s:39:4:48:Infinity":19}}}
,"C:\\Users\\steph\\OneDrive\\Documents\\GitHub\\Mod Tracker\\WebApp\\src\\widgets\\textInputBox.jsx": {"path":"C:\\Users\\steph\\OneDrive\\Documents\\GitHub\\Mod Tracker\\WebApp\\src\\widgets\\textInputBox.jsx","statementMap":{"0":{"start":{"line":3,"column":21},"end":{"line":20,"column":null}},"1":{"start":{"line":5,"column":8},"end":{"line":5,"column":null}},"2":{"start":{"line":8,"column":4},"end":{"line":18,"column":null}},"3":{"start":{"line":15,"column":16},"end":{"line":15,"column":null}}},"fnMap":{"0":{"name":"(anonymous_0)","decl":{"start":{"line":3,"column":21},"end":{"line":3,"column":22}},"loc":{"start":{"line":3,"column":115},"end":{"line":20,"column":null}},"line":3},"1":{"name":"(anonymous_1)","decl":{"start":{"line":3,"column":53},"end":{"line":3,"column":59}},"loc":{"start":{"line":3,"column":59},"end":{"line":3,"column":64}},"line":3},"2":{"name":"onKeyDown","decl":{"start":{"line":4,"column":13},"end":{"line":4,"column":23}},"loc":{"start":{"line":4,"column":26},"end":{"line":6,"column":null}},"line":4},"3":{"name":"(anonymous_3)","decl":{"start":{"line":14,"column":22},"end":{"line":14,"column":23}},"loc":{"start":{"line":14,"column":33},"end":{"line":16,"column":null}},"line":14}},"branchMap":{"0":{"loc":{"start":{"line":3,"column":38},"end":{"line":3,"column":64}},"type":"default-arg","locations":[{"start":{"line":3,"column":53},"end":{"line":3,"column":64}}],"line":3},"1":{"loc":{"start":{"line":3,"column":64},"end":{"line":3,"column":86}},"type":"default-arg","locations":[{"start":{"line":3,"column":82},"end":{"line":3,"column":86}}],"line":3},"2":{"loc":{"start":{"line":3,"column":86},"end":{"line":3,"column":99}},"type":"default-arg","locations":[{"start":{"line":3,"column":95},"end":{"line":3,"column":99}}],"line":3},"3":{"loc":{"start":{"line":5,"column":8},"end":{"line":5,"column":null}},"type":"if","locations":[{"start":{"line":5,"column":8},"end":{"line":5,"column":null}},{"start":{},"end":{}}],"line":5}},"s":{"0":2,"1":0,"2":49,"3":4},"f":{"0":49,"1":0,"2":0,"3":4},"b":{"0":[0],"1":[49],"2":[49],"3":[0,0]},"meta":{"lastBranch":4,"lastFunction":4,"lastStatement":4,"seen":{"s:3:21:20:Infinity":0,"f:3:21:3:22":0,"b:3:53:3:64":0,"f:3:53:3:59":1,"b:3:82:3:86":1,"b:3:95:3:99":2,"f:4:13:4:23":2,"b:5:8:5:Infinity:undefined:undefined:undefined:undefined":3,"s:5:8:5:Infinity":1,"s:8:4:18:Infinity":2,"f:14:22:14:23":3,"s:15:16:15:Infinity":3}}}
}
